# JRE version: OpenJDK Runtime Environment (11.0.12+7) (build 11.0.12+7-b1504.28-7817840)
# Java VM: OpenJDK 64-Bit Server VM (11.0.12+7-b1504.28-7817840, mixed mode, tiered, compressed oops, g1 gc, windows-amd64)
Heap:
 garbage-first heap   total 350208K, used 215669K [0x0000000080000000, 0x0000000100000000)
  region size 1024K, 67 young (68608K), 3 survivors (3072K)
 Metaspace       used 138281K, capacity 141851K, committed 141952K, reserved 1173504K
  class space    used 17021K, capacity 18248K, committed 18304K, reserved 1048576K
GC Heap History (20 events):
Event: 2905.727 GC heap before
{Heap before GC invocations=75 (full 0):
 garbage-first heap   total 225280K, used 205620K [0x0000000080000000, 0x0000000100000000)
  region size 1024K, 20 young (20480K), 3 survivors (3072K)
 Metaspace       used 130409K, capacity 134031K, committed 134400K, reserved 1165312K
  class space    used 16339K, capacity 17551K, committed 17664K, reserved 1048576K
}
Event: 2905.735 GC heap after
{Heap after GC invocations=76 (full 0):
 garbage-first heap   total 225280K, used 174554K [0x0000000080000000, 0x0000000100000000)
  region size 1024K, 3 young (3072K), 3 survivors (3072K)
 Metaspace       used 130409K, capacity 134031K, committed 134400K, reserved 1165312K
  class space    used 16339K, capacity 17551K, committed 17664K, reserved 1048576K
}
Event: 2905.849 GC heap before
{Heap before GC invocations=76 (full 0):
 garbage-first heap   total 225280K, used 189914K [0x0000000080000000, 0x0000000100000000)
  region size 1024K, 19 young (19456K), 3 survivors (3072K)
 Metaspace       used 130851K, capacity 134456K, committed 134656K, reserved 1167360K
  class space    used 16378K, capacity 17586K, committed 17664K, reserved 1048576K
}
Event: 2905.854 GC heap after
{Heap after GC invocations=77 (full 0):
 garbage-first heap   total 225280K, used 177839K [0x0000000080000000, 0x0000000100000000)
  region size 1024K, 3 young (3072K), 3 survivors (3072K)
 Metaspace       used 130851K, capacity 134456K, committed 134656K, reserved 1167360K
  class space    used 16378K, capacity 17586K, committed 17664K, reserved 1048576K
}
Event: 2906.028 GC heap before
{Heap before GC invocations=78 (full 0):
 garbage-first heap   total 225280K, used 191151K [0x0000000080000000, 0x0000000100000000)
  region size 1024K, 17 young (17408K), 3 survivors (3072K)
 Metaspace       used 133496K, capacity 137138K, committed 137472K, reserved 1169408K
  class space    used 16586K, capacity 17810K, committed 17920K, reserved 1048576K
}
Event: 2906.032 GC heap after
{Heap after GC invocations=79 (full 0):
 garbage-first heap   total 225280K, used 179962K [0x0000000080000000, 0x0000000100000000)
  region size 1024K, 2 young (2048K), 2 survivors (2048K)
 Metaspace       used 133496K, capacity 137138K, committed 137472K, reserved 1169408K
  class space    used 16586K, capacity 17810K, committed 17920K, reserved 1048576K
}
Event: 2906.092 GC heap before
{Heap before GC invocations=79 (full 0):
 garbage-first heap   total 225280K, used 188154K [0x0000000080000000, 0x0000000100000000)
  region size 1024K, 11 young (11264K), 2 survivors (2048K)
 Metaspace       used 133721K, capacity 137330K, committed 137728K, reserved 1169408K
  class space    used 16604K, capacity 17810K, committed 17920K, reserved 1048576K
}
Event: 2906.104 GC heap after
{Heap after GC invocations=80 (full 0):
 garbage-first heap   total 225280K, used 178287K [0x0000000080000000, 0x0000000100000000)
  region size 1024K, 1 young (1024K), 1 survivors (1024K)
 Metaspace       used 133721K, capacity 137330K, committed 137728K, reserved 1169408K
  class space    used 16604K, capacity 17810K, committed 17920K, reserved 1048576K
}
Event: 2906.182 GC heap before
{Heap before GC invocations=80 (full 0):
 garbage-first heap   total 225280K, used 192623K [0x0000000080000000, 0x0000000100000000)
  region size 1024K, 15 young (15360K), 1 survivors (1024K)
 Metaspace       used 133863K, capacity 137458K, committed 137728K, reserved 1169408K
  class space    used 16604K, capacity 17810K, committed 17920K, reserved 1048576K
}
Event: 2906.189 GC heap after
{Heap after GC invocations=81 (full 0):
 garbage-first heap   total 270336K, used 178677K [0x0000000080000000, 0x0000000100000000)
  region size 1024K, 2 young (2048K), 2 survivors (2048K)
 Metaspace       used 133863K, capacity 137458K, committed 137728K, reserved 1169408K
  class space    used 16604K, capacity 17810K, committed 17920K, reserved 1048576K
}
Event: 2906.471 GC heap before
{Heap before GC invocations=82 (full 0):
 garbage-first heap   total 270336K, used 197109K [0x0000000080000000, 0x0000000100000000)
  region size 1024K, 33 young (33792K), 2 survivors (2048K)
 Metaspace       used 134462K, capacity 138095K, committed 138240K, reserved 1169408K
  class space    used 16644K, capacity 17873K, committed 17920K, reserved 1048576K
}
Event: 2906.480 GC heap after
{Heap after GC invocations=83 (full 0):
 garbage-first heap   total 270336K, used 167647K [0x0000000080000000, 0x0000000100000000)
  region size 1024K, 4 young (4096K), 4 survivors (4096K)
 Metaspace       used 134462K, capacity 138095K, committed 138240K, reserved 1169408K
  class space    used 16644K, capacity 17873K, committed 17920K, reserved 1048576K
}
Event: 2906.532 GC heap before
{Heap before GC invocations=83 (full 0):
 garbage-first heap   total 270336K, used 175839K [0x0000000080000000, 0x0000000100000000)
  region size 1024K, 13 young (13312K), 4 survivors (4096K)
 Metaspace       used 134775K, capacity 138353K, committed 138496K, reserved 1169408K
  class space    used 16666K, capacity 17874K, committed 17920K, reserved 1048576K
}
Event: 2906.543 GC heap after
{Heap after GC invocations=84 (full 0):
 garbage-first heap   total 270336K, used 151927K [0x0000000080000000, 0x0000000100000000)
  region size 1024K, 2 young (2048K), 2 survivors (2048K)
 Metaspace       used 134775K, capacity 138353K, committed 138496K, reserved 1169408K
  class space    used 16666K, capacity 17874K, committed 17920K, reserved 1048576K
}
Event: 2906.664 GC heap before
{Heap before GC invocations=84 (full 0):
 garbage-first heap   total 270336K, used 170359K [0x0000000080000000, 0x0000000100000000)
  region size 1024K, 21 young (21504K), 2 survivors (2048K)
 Metaspace       used 135052K, capacity 138648K, committed 138880K, reserved 1169408K
  class space    used 16683K, capacity 17907K, committed 18048K, reserved 1048576K
}
Event: 2906.670 GC heap after
{Heap after GC invocations=85 (full 0):
 garbage-first heap   total 270336K, used 150632K [0x0000000080000000, 0x0000000100000000)
  region size 1024K, 1 young (1024K), 1 survivors (1024K)
 Metaspace       used 135052K, capacity 138648K, committed 138880K, reserved 1169408K
  class space    used 16683K, capacity 17907K, committed 18048K, reserved 1048576K
}
Event: 2907.408 GC heap before
{Heap before GC invocations=86 (full 0):
 garbage-first heap   total 270336K, used 202856K [0x0000000080000000, 0x0000000100000000)
  region size 1024K, 51 young (52224K), 1 survivors (1024K)
 Metaspace       used 136724K, capacity 140348K, committed 140544K, reserved 1171456K
  class space    used 16856K, capacity 18057K, committed 18176K, reserved 1048576K
}
Event: 2907.417 GC heap after
{Heap after GC invocations=87 (full 0):
 garbage-first heap   total 350208K, used 151463K [0x0000000080000000, 0x0000000100000000)
  region size 1024K, 2 young (2048K), 2 survivors (2048K)
 Metaspace       used 136724K, capacity 140348K, committed 140544K, reserved 1171456K
  class space    used 16856K, capacity 18057K, committed 18176K, reserved 1048576K
}
Event: 2907.468 GC heap before
{Heap before GC invocations=87 (full 0):
 garbage-first heap   total 350208K, used 165799K [0x0000000080000000, 0x0000000100000000)
  region size 1024K, 17 young (17408K), 2 survivors (2048K)
 Metaspace       used 136827K, capacity 140455K, committed 140800K, reserved 1171456K
  class space    used 16866K, capacity 18066K, committed 18176K, reserved 1048576K
}
Event: 2907.473 GC heap after
{Heap after GC invocations=88 (full 0):
 garbage-first heap   total 350208K, used 152181K [0x0000000080000000, 0x0000000100000000)
  region size 1024K, 3 young (3072K), 3 survivors (3072K)
 Metaspace       used 136827K, capacity 140455K, committed 140800K, reserved 1171456K
  class space    used 16866K, capacity 18066K, committed 18176K, reserved 1048576K
}

