# JRE version: OpenJDK Runtime Environment (11.0.12+7) (build 11.0.12+7-b1504.28-7817840)
# Java VM: OpenJDK 64-Bit Server VM (11.0.12+7-b1504.28-7817840, mixed mode, tiered, compressed oops, g1 gc, windows-amd64)
Heap:
 garbage-first heap   total 225280K, used 108298K [0x00000006e0000000, 0x0000000800000000)
  region size 1024K, 8 young (8192K), 8 survivors (8192K)
 Metaspace       used 81045K, capacity 83104K, committed 83328K, reserved 1122304K
  class space    used 10591K, capacity 11373K, committed 11392K, reserved 1048576K
GC Heap History (20 events):
Event: 3.816 GC heap after
{Heap after GC invocations=9 (full 0):
 garbage-first heap   total 129024K, used 40065K [0x00000006e0000000, 0x0000000800000000)
  region size 1024K, 6 young (6144K), 6 survivors (6144K)
 Metaspace       used 40843K, capacity 41907K, committed 41984K, reserved 1085440K
  class space    used 5204K, capacity 5579K, committed 5632K, reserved 1048576K
}
Event: 4.370 GC heap before
{Heap before GC invocations=10 (full 0):
 garbage-first heap   total 129024K, used 90241K [0x00000006e0000000, 0x0000000800000000)
  region size 1024K, 51 young (52224K), 6 survivors (6144K)
 Metaspace       used 44315K, capacity 45443K, committed 45568K, reserved 1089536K
  class space    used 5715K, capacity 6132K, committed 6144K, reserved 1048576K
}
Event: 4.377 GC heap after
{Heap after GC invocations=11 (full 0):
 garbage-first heap   total 155648K, used 47211K [0x00000006e0000000, 0x0000000800000000)
  region size 1024K, 4 young (4096K), 4 survivors (4096K)
 Metaspace       used 44315K, capacity 45443K, committed 45568K, reserved 1089536K
  class space    used 5715K, capacity 6132K, committed 6144K, reserved 1048576K
}
Event: 4.852 GC heap before
{Heap before GC invocations=11 (full 0):
 garbage-first heap   total 155648K, used 110699K [0x00000006e0000000, 0x0000000800000000)
  region size 1024K, 61 young (62464K), 4 survivors (4096K)
 Metaspace       used 47810K, capacity 49044K, committed 49152K, reserved 1091584K
  class space    used 6120K, capacity 6561K, committed 6656K, reserved 1048576K
}
Event: 4.857 GC heap after
{Heap after GC invocations=12 (full 0):
 garbage-first heap   total 155648K, used 55763K [0x00000006e0000000, 0x0000000800000000)
  region size 1024K, 8 young (8192K), 8 survivors (8192K)
 Metaspace       used 47810K, capacity 49044K, committed 49152K, reserved 1091584K
  class space    used 6120K, capacity 6561K, committed 6656K, reserved 1048576K
}
Event: 5.381 GC heap before
{Heap before GC invocations=12 (full 0):
 garbage-first heap   total 155648K, used 112083K [0x00000006e0000000, 0x0000000800000000)
  region size 1024K, 63 young (64512K), 8 survivors (8192K)
 Metaspace       used 51287K, capacity 52707K, committed 52992K, reserved 1095680K
  class space    used 6622K, capacity 7116K, committed 7168K, reserved 1048576K
}
Event: 5.389 GC heap after
{Heap after GC invocations=13 (full 0):
 garbage-first heap   total 155648K, used 58835K [0x00000006e0000000, 0x0000000800000000)
  region size 1024K, 4 young (4096K), 4 survivors (4096K)
 Metaspace       used 51287K, capacity 52707K, committed 52992K, reserved 1095680K
  class space    used 6622K, capacity 7116K, committed 7168K, reserved 1048576K
}
Event: 5.847 GC heap before
{Heap before GC invocations=13 (full 0):
 garbage-first heap   total 155648K, used 122323K [0x00000006e0000000, 0x0000000800000000)
  region size 1024K, 59 young (60416K), 4 survivors (4096K)
 Metaspace       used 54579K, capacity 56037K, committed 56192K, reserved 1097728K
  class space    used 7024K, capacity 7536K, committed 7552K, reserved 1048576K
}
Event: 5.852 GC heap after
{Heap after GC invocations=14 (full 0):
 garbage-first heap   total 155648K, used 75520K [0x00000006e0000000, 0x0000000800000000)
  region size 1024K, 8 young (8192K), 8 survivors (8192K)
 Metaspace       used 54579K, capacity 56037K, committed 56192K, reserved 1097728K
  class space    used 7024K, capacity 7536K, committed 7552K, reserved 1048576K
}
Event: 6.441 GC heap before
{Heap before GC invocations=14 (full 0):
 garbage-first heap   total 155648K, used 120576K [0x00000006e0000000, 0x0000000800000000)
  region size 1024K, 52 young (53248K), 8 survivors (8192K)
 Metaspace       used 61260K, capacity 62866K, committed 62976K, reserved 1103872K
  class space    used 7858K, capacity 8425K, committed 8448K, reserved 1048576K
}
Event: 6.448 GC heap after
{Heap after GC invocations=15 (full 0):
 garbage-first heap   total 155648K, used 77999K [0x00000006e0000000, 0x0000000800000000)
  region size 1024K, 3 young (3072K), 3 survivors (3072K)
 Metaspace       used 61260K, capacity 62866K, committed 62976K, reserved 1103872K
  class space    used 7858K, capacity 8425K, committed 8448K, reserved 1048576K
}
Event: 6.967 GC heap before
{Heap before GC invocations=15 (full 0):
 garbage-first heap   total 155648K, used 121007K [0x00000006e0000000, 0x0000000800000000)
  region size 1024K, 46 young (47104K), 3 survivors (3072K)
 Metaspace       used 65594K, capacity 67259K, committed 67456K, reserved 1107968K
  class space    used 8373K, capacity 8967K, committed 9088K, reserved 1048576K
}
Event: 6.972 GC heap after
{Heap after GC invocations=16 (full 0):
 garbage-first heap   total 187392K, used 81416K [0x00000006e0000000, 0x0000000800000000)
  region size 1024K, 6 young (6144K), 6 survivors (6144K)
 Metaspace       used 65594K, capacity 67259K, committed 67456K, reserved 1107968K
  class space    used 8373K, capacity 8967K, committed 9088K, reserved 1048576K
}
Event: 7.544 GC heap before
{Heap before GC invocations=17 (full 0):
 garbage-first heap   total 187392K, used 138760K [0x00000006e0000000, 0x0000000800000000)
  region size 1024K, 62 young (63488K), 6 survivors (6144K)
 Metaspace       used 70029K, capacity 71707K, committed 71808K, reserved 1112064K
  class space    used 8938K, capacity 9545K, committed 9600K, reserved 1048576K
}
Event: 7.552 GC heap after
{Heap after GC invocations=18 (full 0):
 garbage-first heap   total 187392K, used 84790K [0x00000006e0000000, 0x0000000800000000)
  region size 1024K, 7 young (7168K), 7 survivors (7168K)
 Metaspace       used 70029K, capacity 71707K, committed 71808K, reserved 1112064K
  class space    used 8938K, capacity 9545K, committed 9600K, reserved 1048576K
}
Event: 8.009 GC heap before
{Heap before GC invocations=18 (full 0):
 garbage-first heap   total 187392K, used 143158K [0x00000006e0000000, 0x0000000800000000)
  region size 1024K, 64 young (65536K), 7 survivors (7168K)
 Metaspace       used 73198K, capacity 74894K, committed 75136K, reserved 1114112K
  class space    used 9431K, capacity 10074K, committed 10112K, reserved 1048576K
}
Event: 8.017 GC heap after
{Heap after GC invocations=19 (full 0):
 garbage-first heap   total 187392K, used 88871K [0x00000006e0000000, 0x0000000800000000)
  region size 1024K, 8 young (8192K), 8 survivors (8192K)
 Metaspace       used 73198K, capacity 74894K, committed 75136K, reserved 1114112K
  class space    used 9431K, capacity 10074K, committed 10112K, reserved 1048576K
}
Event: 8.526 GC heap before
{Heap before GC invocations=19 (full 0):
 garbage-first heap   total 187392K, used 135975K [0x00000006e0000000, 0x0000000800000000)
  region size 1024K, 53 young (54272K), 8 survivors (8192K)
 Metaspace       used 77848K, capacity 79638K, committed 79744K, reserved 1118208K
  class space    used 10134K, capacity 10811K, committed 10880K, reserved 1048576K
}
Event: 8.534 GC heap after
{Heap after GC invocations=20 (full 0):
 garbage-first heap   total 187392K, used 95239K [0x00000006e0000000, 0x0000000800000000)
  region size 1024K, 5 young (5120K), 5 survivors (5120K)
 Metaspace       used 77848K, capacity 79638K, committed 79744K, reserved 1118208K
  class space    used 10134K, capacity 10811K, committed 10880K, reserved 1048576K
}
Event: 9.180 GC heap before
{Heap before GC invocations=21 (full 0):
 garbage-first heap   total 187392K, used 157703K [0x00000006e0000000, 0x0000000800000000)
  region size 1024K, 59 young (60416K), 5 survivors (5120K)
 Metaspace       used 81045K, capacity 83104K, committed 83328K, reserved 1122304K
  class space    used 10591K, capacity 11373K, committed 11392K, reserved 1048576K
}

