# JRE version: OpenJDK Runtime Environment (17.0.6) (build 17.0.6+0-b2043.56-10027231)
# Java VM: OpenJDK 64-Bit Server VM (17.0.6+0-b2043.56-10027231, mixed mode, tiered, compressed oops, compressed class ptrs, g1 gc, windows-amd64)
GC Precious Log:
 CPUs: 8 total, 8 available
 Memory: 7992M
 Large Page Support: Disabled
 NUMA Support: Disabled
 Compressed Oops: Enabled (32-bit)
 Heap Region Size: 1M
 Heap Min Capacity: 8M
 Heap Initial Capacity: 126M
 Heap Max Capacity: 1G
 Pre-touch: Disabled
 Parallel Workers: 8
 Concurrent Workers: 2
 Concurrent Refinement Workers: 8
 Periodic GC: Disabled
Heap:
 garbage-first heap   total 86016K, used 48568K [0x00000000c0000000, 0x0000000100000000)
  region size 1024K, 1 young (1024K), 1 survivors (1024K)
 Metaspace       used 31980K, committed 32256K, reserved 1081344K
  class space    used 4410K, committed 4544K, reserved 1048576K
GC Heap History (15 events):
Event: 0.680 GC heap before
{Heap before GC invocations=0 (full 0):
 garbage-first heap   total 129024K, used 28672K [0x00000000c0000000, 0x0000000100000000)
  region size 1024K, 23 young (23552K), 0 survivors (0K)
 Metaspace       used 10266K, committed 10432K, reserved 1064960K
  class space    used 1062K, committed 1152K, reserved 1048576K
}
Event: 0.684 GC heap after
{Heap after GC invocations=1 (full 0):
 garbage-first heap   total 129024K, used 9344K [0x00000000c0000000, 0x0000000100000000)
  region size 1024K, 3 young (3072K), 3 survivors (3072K)
 Metaspace       used 10266K, committed 10432K, reserved 1064960K
  class space    used 1062K, committed 1152K, reserved 1048576K
}
Event: 1.003 GC heap before
{Heap before GC invocations=1 (full 0):
 garbage-first heap   total 129024K, used 38016K [0x00000000c0000000, 0x0000000100000000)
  region size 1024K, 31 young (31744K), 3 survivors (3072K)
 Metaspace       used 11228K, committed 11392K, reserved 1064960K
  class space    used 1164K, committed 1280K, reserved 1048576K
}
Event: 1.007 GC heap after
{Heap after GC invocations=2 (full 0):
 garbage-first heap   total 129024K, used 12857K [0x00000000c0000000, 0x0000000100000000)
  region size 1024K, 4 young (4096K), 4 survivors (4096K)
 Metaspace       used 11228K, committed 11392K, reserved 1064960K
  class space    used 1164K, committed 1280K, reserved 1048576K
}
Event: 1.886 GC heap before
{Heap before GC invocations=2 (full 0):
 garbage-first heap   total 129024K, used 51769K [0x00000000c0000000, 0x0000000100000000)
  region size 1024K, 43 young (44032K), 4 survivors (4096K)
 Metaspace       used 21277K, committed 21504K, reserved 1073152K
  class space    used 2582K, committed 2688K, reserved 1048576K
}
Event: 1.893 GC heap after
{Heap after GC invocations=3 (full 0):
 garbage-first heap   total 129024K, used 17638K [0x00000000c0000000, 0x0000000100000000)
  region size 1024K, 8 young (8192K), 8 survivors (8192K)
 Metaspace       used 21277K, committed 21504K, reserved 1073152K
  class space    used 2582K, committed 2688K, reserved 1048576K
}
Event: 2.339 GC heap before
{Heap before GC invocations=4 (full 0):
 garbage-first heap   total 65536K, used 48358K [0x00000000c0000000, 0x0000000100000000)
  region size 1024K, 38 young (38912K), 8 survivors (8192K)
 Metaspace       used 26268K, committed 26560K, reserved 1073152K
  class space    used 3462K, committed 3584K, reserved 1048576K
}
Event: 2.345 GC heap after
{Heap after GC invocations=5 (full 0):
 garbage-first heap   total 65536K, used 19513K [0x00000000c0000000, 0x0000000100000000)
  region size 1024K, 3 young (3072K), 3 survivors (3072K)
 Metaspace       used 26268K, committed 26560K, reserved 1073152K
  class space    used 3462K, committed 3584K, reserved 1048576K
}
Event: 2.642 GC heap before
{Heap before GC invocations=5 (full 0):
 garbage-first heap   total 65536K, used 45113K [0x00000000c0000000, 0x0000000100000000)
  region size 1024K, 22 young (22528K), 3 survivors (3072K)
 Metaspace       used 28931K, committed 29248K, reserved 1081344K
  class space    used 3923K, committed 4096K, reserved 1048576K
}
Event: 2.646 GC heap after
{Heap after GC invocations=6 (full 0):
 garbage-first heap   total 65536K, used 31323K [0x00000000c0000000, 0x0000000100000000)
  region size 1024K, 4 young (4096K), 4 survivors (4096K)
 Metaspace       used 28931K, committed 29248K, reserved 1081344K
  class space    used 3923K, committed 4096K, reserved 1048576K
}
Event: 2.667 GC heap before
{Heap before GC invocations=6 (full 0):
 garbage-first heap   total 67584K, used 43611K [0x00000000c0000000, 0x0000000100000000)
  region size 1024K, 5 young (5120K), 4 survivors (4096K)
 Metaspace       used 28932K, committed 29248K, reserved 1081344K
  class space    used 3923K, committed 4096K, reserved 1048576K
}
Event: 2.669 GC heap after
{Heap after GC invocations=7 (full 0):
 garbage-first heap   total 67584K, used 43902K [0x00000000c0000000, 0x0000000100000000)
  region size 1024K, 1 young (1024K), 1 survivors (1024K)
 Metaspace       used 28932K, committed 29248K, reserved 1081344K
  class space    used 3923K, committed 4096K, reserved 1048576K
}
Event: 2.798 GC heap before
{Heap before GC invocations=8 (full 0):
 garbage-first heap   total 81920K, used 53118K [0x00000000c0000000, 0x0000000100000000)
  region size 1024K, 9 young (9216K), 1 survivors (1024K)
 Metaspace       used 29881K, committed 30272K, reserved 1081344K
  class space    used 4074K, committed 4224K, reserved 1048576K
}
Event: 2.800 GC heap after
{Heap after GC invocations=9 (full 0):
 garbage-first heap   total 81920K, used 47773K [0x00000000c0000000, 0x0000000100000000)
  region size 1024K, 2 young (2048K), 2 survivors (2048K)
 Metaspace       used 29881K, committed 30272K, reserved 1081344K
  class space    used 4074K, committed 4224K, reserved 1048576K
}
Event: 2.998 GC heap before
{Heap before GC invocations=9 (full 0):
 garbage-first heap   total 81920K, used 63133K [0x00000000c0000000, 0x0000000100000000)
  region size 1024K, 17 young (17408K), 2 survivors (2048K)
 Metaspace       used 31980K, committed 32256K, reserved 1081344K
  class space    used 4410K, committed 4544K, reserved 1048576K
}

