# JRE version: OpenJDK Runtime Environment (17.0.6) (build 17.0.6+0-b2043.56-10027231)
# Java VM: OpenJDK 64-Bit Server VM (17.0.6+0-b2043.56-10027231, mixed mode, tiered, compressed oops, compressed class ptrs, g1 gc, windows-amd64)
GC Precious Log:
 CPUs: 8 total, 8 available
 Memory: 7992M
 Large Page Support: Disabled
 NUMA Support: Disabled
 Compressed Oops: Enabled (Zero based)
 Heap Region Size: 4M
 Heap Min Capacity: 8M
 Heap Initial Capacity: 128M
 Heap Max Capacity: 4608M
 Pre-touch: Disabled
 Parallel Workers: 8
 Concurrent Workers: 2
 Concurrent Refinement Workers: 8
 Periodic GC: Disabled
Heap:
 garbage-first heap   total 131072K, used 54711K [0x00000006e0000000, 0x0000000800000000)
  region size 4096K, 3 young (12288K), 1 survivors (4096K)
 Metaspace       used 35075K, committed 35392K, reserved 1081344K
  class space    used 4906K, committed 5056K, reserved 1048576K
GC Heap History (18 events):
Event: 0.514 GC heap before
{Heap before GC invocations=0 (full 0):
 garbage-first heap   total 131072K, used 28672K [0x00000006e0000000, 0x0000000800000000)
  region size 4096K, 5 young (20480K), 0 survivors (0K)
 Metaspace       used 9812K, committed 9920K, reserved 1064960K
  class space    used 986K, committed 1024K, reserved 1048576K
}
Event: 0.518 GC heap after
{Heap after GC invocations=1 (full 0):
 garbage-first heap   total 131072K, used 9693K [0x00000006e0000000, 0x0000000800000000)
  region size 4096K, 1 young (4096K), 1 survivors (4096K)
 Metaspace       used 9812K, committed 9920K, reserved 1064960K
  class space    used 986K, committed 1024K, reserved 1048576K
}
Event: 0.762 GC heap before
{Heap before GC invocations=1 (full 0):
 garbage-first heap   total 131072K, used 26077K [0x00000006e0000000, 0x0000000800000000)
  region size 4096K, 5 young (20480K), 1 survivors (4096K)
 Metaspace       used 11158K, committed 11328K, reserved 1064960K
  class space    used 1165K, committed 1280K, reserved 1048576K
}
Event: 0.767 GC heap after
{Heap after GC invocations=2 (full 0):
 garbage-first heap   total 131072K, used 10506K [0x00000006e0000000, 0x0000000800000000)
  region size 4096K, 1 young (4096K), 1 survivors (4096K)
 Metaspace       used 11158K, committed 11328K, reserved 1064960K
  class space    used 1165K, committed 1280K, reserved 1048576K
}
Event: 1.817 GC heap before
{Heap before GC invocations=2 (full 0):
 garbage-first heap   total 131072K, used 59658K [0x00000006e0000000, 0x0000000800000000)
  region size 4096K, 13 young (53248K), 1 survivors (4096K)
 Metaspace       used 19653K, committed 19904K, reserved 1073152K
  class space    used 2357K, committed 2496K, reserved 1048576K
}
Event: 1.824 GC heap after
{Heap after GC invocations=3 (full 0):
 garbage-first heap   total 131072K, used 17822K [0x00000006e0000000, 0x0000000800000000)
  region size 4096K, 2 young (8192K), 2 survivors (8192K)
 Metaspace       used 19653K, committed 19904K, reserved 1073152K
  class space    used 2357K, committed 2496K, reserved 1048576K
}
Event: 1.919 GC heap before
{Heap before GC invocations=3 (full 0):
 garbage-first heap   total 131072K, used 21918K [0x00000006e0000000, 0x0000000800000000)
  region size 4096K, 4 young (16384K), 2 survivors (8192K)
 Metaspace       used 21321K, committed 21504K, reserved 1073152K
  class space    used 2586K, committed 2688K, reserved 1048576K
}
Event: 1.926 GC heap after
{Heap after GC invocations=4 (full 0):
 garbage-first heap   total 131072K, used 18680K [0x00000006e0000000, 0x0000000800000000)
  region size 4096K, 1 young (4096K), 1 survivors (4096K)
 Metaspace       used 21321K, committed 21504K, reserved 1073152K
  class space    used 2586K, committed 2688K, reserved 1048576K
}
Event: 2.714 GC heap before
{Heap before GC invocations=5 (full 0):
 garbage-first heap   total 98304K, used 71928K [0x00000006e0000000, 0x0000000800000000)
  region size 4096K, 14 young (57344K), 1 survivors (4096K)
 Metaspace       used 28840K, committed 29184K, reserved 1081344K
  class space    used 3910K, committed 4096K, reserved 1048576K
}
Event: 2.720 GC heap after
{Heap after GC invocations=6 (full 0):
 garbage-first heap   total 98304K, used 28142K [0x00000006e0000000, 0x0000000800000000)
  region size 4096K, 2 young (8192K), 2 survivors (8192K)
 Metaspace       used 28840K, committed 29184K, reserved 1081344K
  class space    used 3910K, committed 4096K, reserved 1048576K
}
Event: 2.801 GC heap before
{Heap before GC invocations=6 (full 0):
 garbage-first heap   total 98304K, used 44526K [0x00000006e0000000, 0x0000000800000000)
  region size 4096K, 3 young (12288K), 2 survivors (8192K)
 Metaspace       used 28998K, committed 29312K, reserved 1081344K
  class space    used 3938K, committed 4096K, reserved 1048576K
}
Event: 2.805 GC heap after
{Heap after GC invocations=7 (full 0):
 garbage-first heap   total 98304K, used 47920K [0x00000006e0000000, 0x0000000800000000)
  region size 4096K, 1 young (4096K), 1 survivors (4096K)
 Metaspace       used 28998K, committed 29312K, reserved 1081344K
  class space    used 3938K, committed 4096K, reserved 1048576K
}
Event: 3.039 GC heap before
{Heap before GC invocations=7 (full 0):
 garbage-first heap   total 98304K, used 64304K [0x00000006e0000000, 0x0000000800000000)
  region size 4096K, 5 young (20480K), 1 survivors (4096K)
 Metaspace       used 31085K, committed 31424K, reserved 1081344K
  class space    used 4275K, committed 4416K, reserved 1048576K
}
Event: 3.041 GC heap after
{Heap after GC invocations=8 (full 0):
 garbage-first heap   total 98304K, used 49806K [0x00000006e0000000, 0x0000000800000000)
  region size 4096K, 1 young (4096K), 1 survivors (4096K)
 Metaspace       used 31085K, committed 31424K, reserved 1081344K
  class space    used 4275K, committed 4416K, reserved 1048576K
}
Event: 3.235 GC heap before
{Heap before GC invocations=9 (full 0):
 garbage-first heap   total 98304K, used 66190K [0x00000006e0000000, 0x0000000800000000)
  region size 4096K, 5 young (20480K), 1 survivors (4096K)
 Metaspace       used 33335K, committed 33664K, reserved 1081344K
  class space    used 4656K, committed 4800K, reserved 1048576K
}
Event: 3.238 GC heap after
{Heap after GC invocations=10 (full 0):
 garbage-first heap   total 131072K, used 50544K [0x00000006e0000000, 0x0000000800000000)
  region size 4096K, 1 young (4096K), 1 survivors (4096K)
 Metaspace       used 33335K, committed 33664K, reserved 1081344K
  class space    used 4656K, committed 4800K, reserved 1048576K
}
Event: 3.291 GC heap before
{Heap before GC invocations=10 (full 0):
 garbage-first heap   total 131072K, used 54640K [0x00000006e0000000, 0x0000000800000000)
  region size 4096K, 2 young (8192K), 1 survivors (4096K)
 Metaspace       used 33979K, committed 34304K, reserved 1081344K
  class space    used 4761K, committed 4928K, reserved 1048576K
}
Event: 3.296 GC heap after
{Heap after GC invocations=11 (full 0):
 garbage-first heap   total 131072K, used 50615K [0x00000006e0000000, 0x0000000800000000)
  region size 4096K, 1 young (4096K), 1 survivors (4096K)
 Metaspace       used 33979K, committed 34304K, reserved 1081344K
  class space    used 4761K, committed 4928K, reserved 1048576K
}

