# JRE version: OpenJDK Runtime Environment (11.0.12+7) (build 11.0.12+7-b1504.28-7817840)
# Java VM: OpenJDK 64-Bit Server VM (11.0.12+7-b1504.28-7817840, mixed mode, tiered, compressed oops, g1 gc, windows-amd64)
Heap:
 garbage-first heap   total 129024K, used 38785K [0x00000006e0000000, 0x0000000800000000)
  region size 1024K, 11 young (11264K), 6 survivors (6144K)
 Metaspace       used 36415K, capacity 37384K, committed 37580K, reserved 1081344K
  class space    used 4798K, capacity 5163K, committed 5248K, reserved 1048576K
GC Heap History (12 events):
Event: 0.515 GC heap before
{Heap before GC invocations=0 (full 0):
 garbage-first heap   total 129024K, used 29696K [0x00000006e0000000, 0x0000000800000000)
  region size 1024K, 24 young (24576K), 0 survivors (0K)
 Metaspace       used 10231K, capacity 10523K, committed 10752K, reserved 1058816K
  class space    used 1068K, capacity 1170K, committed 1280K, reserved 1048576K
}
Event: 0.520 GC heap after
{Heap after GC invocations=1 (full 0):
 garbage-first heap   total 129024K, used 9274K [0x00000006e0000000, 0x0000000800000000)
  region size 1024K, 3 young (3072K), 3 survivors (3072K)
 Metaspace       used 10231K, capacity 10523K, committed 10752K, reserved 1058816K
  class space    used 1068K, capacity 1170K, committed 1280K, reserved 1048576K
}
Event: 1.980 GC heap before
{Heap before GC invocations=1 (full 0):
 garbage-first heap   total 129024K, used 83002K [0x00000006e0000000, 0x0000000800000000)
  region size 1024K, 75 young (76800K), 3 survivors (3072K)
 Metaspace       used 17881K, capacity 18319K, committed 18432K, reserved 1064960K
  class space    used 2100K, capacity 2230K, committed 2304K, reserved 1048576K
}
Event: 1.986 GC heap after
{Heap after GC invocations=2 (full 0):
 garbage-first heap   total 129024K, used 15887K [0x00000006e0000000, 0x0000000800000000)
  region size 1024K, 10 young (10240K), 10 survivors (10240K)
 Metaspace       used 17881K, capacity 18319K, committed 18432K, reserved 1064960K
  class space    used 2100K, capacity 2230K, committed 2304K, reserved 1048576K
}
Event: 2.175 GC heap before
{Heap before GC invocations=2 (full 0):
 garbage-first heap   total 129024K, used 44559K [0x00000006e0000000, 0x0000000800000000)
  region size 1024K, 39 young (39936K), 10 survivors (10240K)
 Metaspace       used 20623K, capacity 21157K, committed 21248K, reserved 1067008K
  class space    used 2544K, capacity 2729K, committed 2816K, reserved 1048576K
}
Event: 2.182 GC heap after
{Heap after GC invocations=3 (full 0):
 garbage-first heap   total 129024K, used 17265K [0x00000006e0000000, 0x0000000800000000)
  region size 1024K, 2 young (2048K), 2 survivors (2048K)
 Metaspace       used 20623K, capacity 21157K, committed 21248K, reserved 1067008K
  class space    used 2544K, capacity 2729K, committed 2816K, reserved 1048576K
}
Event: 2.680 GC heap before
{Heap before GC invocations=4 (full 0):
 garbage-first heap   total 129024K, used 76657K [0x00000006e0000000, 0x0000000800000000)
  region size 1024K, 61 young (62464K), 2 survivors (2048K)
 Metaspace       used 27365K, capacity 28028K, committed 28160K, reserved 1073152K
  class space    used 3578K, capacity 3818K, committed 3840K, reserved 1048576K
}
Event: 2.683 GC heap after
{Heap after GC invocations=5 (full 0):
 garbage-first heap   total 129024K, used 19220K [0x00000006e0000000, 0x0000000800000000)
  region size 1024K, 4 young (4096K), 4 survivors (4096K)
 Metaspace       used 27365K, capacity 28028K, committed 28160K, reserved 1073152K
  class space    used 3578K, capacity 3818K, committed 3840K, reserved 1048576K
}
Event: 3.274 GC heap before
{Heap before GC invocations=5 (full 0):
 garbage-first heap   total 129024K, used 96020K [0x00000006e0000000, 0x0000000800000000)
  region size 1024K, 69 young (70656K), 4 survivors (4096K)
 Metaspace       used 33225K, capacity 34150K, committed 34304K, reserved 1079296K
  class space    used 4494K, capacity 4828K, committed 4864K, reserved 1048576K
}
Event: 3.278 GC heap after
{Heap after GC invocations=6 (full 0):
 garbage-first heap   total 129024K, used 33392K [0x00000006e0000000, 0x0000000800000000)
  region size 1024K, 8 young (8192K), 8 survivors (8192K)
 Metaspace       used 33225K, capacity 34150K, committed 34304K, reserved 1079296K
  class space    used 4494K, capacity 4828K, committed 4864K, reserved 1048576K
}
Event: 3.401 GC heap before
{Heap before GC invocations=6 (full 0):
 garbage-first heap   total 129024K, used 40560K [0x00000006e0000000, 0x0000000800000000)
  region size 1024K, 16 young (16384K), 8 survivors (8192K)
 Metaspace       used 34736K, capacity 35706K, committed 35840K, reserved 1081344K
  class space    used 4647K, capacity 4964K, committed 4992K, reserved 1048576K
}
Event: 3.410 GC heap after
{Heap after GC invocations=7 (full 0):
 garbage-first heap   total 129024K, used 34689K [0x00000006e0000000, 0x0000000800000000)
  region size 1024K, 6 young (6144K), 6 survivors (6144K)
 Metaspace       used 34736K, capacity 35706K, committed 35840K, reserved 1081344K
  class space    used 4647K, capacity 4964K, committed 4992K, reserved 1048576K
}

