# JRE version: OpenJDK Runtime Environment (17.0.6) (build 17.0.6+0-b2043.56-10027231)
# Java VM: OpenJDK 64-Bit Server VM (17.0.6+0-b2043.56-10027231, mixed mode, tiered, compressed oops, compressed class ptrs, g1 gc, windows-amd64)
GC Precious Log:
 CPUs: 8 total, 8 available
 Memory: 7992M
 Large Page Support: Disabled
 NUMA Support: Disabled
 Compressed Oops: Enabled (Zero based)
 Heap Region Size: 4M
 Heap Min Capacity: 8M
 Heap Initial Capacity: 128M
 Heap Max Capacity: 4608M
 Pre-touch: Disabled
 Parallel Workers: 8
 Concurrent Workers: 2
 Concurrent Refinement Workers: 8
 Periodic GC: Disabled
Heap:
 garbage-first heap   total 135168K, used 80250K [0x00000006e0000000, 0x0000000800000000)
  region size 4096K, 9 young (36864K), 1 survivors (4096K)
 Metaspace       used 40816K, committed 41216K, reserved 1089536K
  class space    used 5627K, committed 5824K, reserved 1048576K
GC Heap History (20 events):
Event: 0.641 GC heap before
{Heap before GC invocations=0 (full 0):
 garbage-first heap   total 131072K, used 28672K [0x00000006e0000000, 0x0000000800000000)
  region size 4096K, 5 young (20480K), 0 survivors (0K)
 Metaspace       used 9810K, committed 9920K, reserved 1064960K
  class space    used 984K, committed 1024K, reserved 1048576K
}
Event: 0.646 GC heap after
{Heap after GC invocations=1 (full 0):
 garbage-first heap   total 131072K, used 9946K [0x00000006e0000000, 0x0000000800000000)
  region size 4096K, 1 young (4096K), 1 survivors (4096K)
 Metaspace       used 9810K, committed 9920K, reserved 1064960K
  class space    used 984K, committed 1024K, reserved 1048576K
}
Event: 0.959 GC heap before
{Heap before GC invocations=1 (full 0):
 garbage-first heap   total 131072K, used 26330K [0x00000006e0000000, 0x0000000800000000)
  region size 4096K, 5 young (20480K), 1 survivors (4096K)
 Metaspace       used 11161K, committed 11328K, reserved 1064960K
  class space    used 1165K, committed 1280K, reserved 1048576K
}
Event: 0.962 GC heap after
{Heap after GC invocations=2 (full 0):
 garbage-first heap   total 131072K, used 10538K [0x00000006e0000000, 0x0000000800000000)
  region size 4096K, 1 young (4096K), 1 survivors (4096K)
 Metaspace       used 11161K, committed 11328K, reserved 1064960K
  class space    used 1165K, committed 1280K, reserved 1048576K
}
Event: 2.008 GC heap before
{Heap before GC invocations=2 (full 0):
 garbage-first heap   total 131072K, used 59690K [0x00000006e0000000, 0x0000000800000000)
  region size 4096K, 13 young (53248K), 1 survivors (4096K)
 Metaspace       used 19669K, committed 19968K, reserved 1073152K
  class space    used 2356K, committed 2496K, reserved 1048576K
}
Event: 2.015 GC heap after
{Heap after GC invocations=3 (full 0):
 garbage-first heap   total 131072K, used 17857K [0x00000006e0000000, 0x0000000800000000)
  region size 4096K, 2 young (8192K), 2 survivors (8192K)
 Metaspace       used 19669K, committed 19968K, reserved 1073152K
  class space    used 2356K, committed 2496K, reserved 1048576K
}
Event: 2.154 GC heap before
{Heap before GC invocations=3 (full 0):
 garbage-first heap   total 131072K, used 21953K [0x00000006e0000000, 0x0000000800000000)
  region size 4096K, 4 young (16384K), 2 survivors (8192K)
 Metaspace       used 21290K, committed 21504K, reserved 1073152K
  class space    used 2583K, committed 2688K, reserved 1048576K
}
Event: 2.159 GC heap after
{Heap after GC invocations=4 (full 0):
 garbage-first heap   total 131072K, used 18661K [0x00000006e0000000, 0x0000000800000000)
  region size 4096K, 1 young (4096K), 1 survivors (4096K)
 Metaspace       used 21290K, committed 21504K, reserved 1073152K
  class space    used 2583K, committed 2688K, reserved 1048576K
}
Event: 4.805 GC heap before
{Heap before GC invocations=5 (full 0):
 garbage-first heap   total 98304K, used 67813K [0x00000006e0000000, 0x0000000800000000)
  region size 4096K, 14 young (57344K), 1 survivors (4096K)
 Metaspace       used 28932K, committed 29312K, reserved 1081344K
  class space    used 3919K, committed 4096K, reserved 1048576K
}
Event: 4.809 GC heap after
{Heap after GC invocations=6 (full 0):
 garbage-first heap   total 98304K, used 27929K [0x00000006e0000000, 0x0000000800000000)
  region size 4096K, 2 young (8192K), 2 survivors (8192K)
 Metaspace       used 28932K, committed 29312K, reserved 1081344K
  class space    used 3919K, committed 4096K, reserved 1048576K
}
Event: 4.893 GC heap before
{Heap before GC invocations=6 (full 0):
 garbage-first heap   total 98304K, used 44313K [0x00000006e0000000, 0x0000000800000000)
  region size 4096K, 3 young (12288K), 2 survivors (8192K)
 Metaspace       used 29095K, committed 29440K, reserved 1081344K
  class space    used 3947K, committed 4096K, reserved 1048576K
}
Event: 4.897 GC heap after
{Heap after GC invocations=7 (full 0):
 garbage-first heap   total 98304K, used 48347K [0x00000006e0000000, 0x0000000800000000)
  region size 4096K, 1 young (4096K), 1 survivors (4096K)
 Metaspace       used 29095K, committed 29440K, reserved 1081344K
  class space    used 3947K, committed 4096K, reserved 1048576K
}
Event: 5.124 GC heap before
{Heap before GC invocations=7 (full 0):
 garbage-first heap   total 98304K, used 64731K [0x00000006e0000000, 0x0000000800000000)
  region size 4096K, 5 young (20480K), 1 survivors (4096K)
 Metaspace       used 31193K, committed 31488K, reserved 1081344K
  class space    used 4281K, committed 4416K, reserved 1048576K
}
Event: 5.126 GC heap after
{Heap after GC invocations=8 (full 0):
 garbage-first heap   total 98304K, used 49945K [0x00000006e0000000, 0x0000000800000000)
  region size 4096K, 1 young (4096K), 1 survivors (4096K)
 Metaspace       used 31193K, committed 31488K, reserved 1081344K
  class space    used 4281K, committed 4416K, reserved 1048576K
}
Event: 5.364 GC heap before
{Heap before GC invocations=9 (full 0):
 garbage-first heap   total 98304K, used 66329K [0x00000006e0000000, 0x0000000800000000)
  region size 4096K, 5 young (20480K), 1 survivors (4096K)
 Metaspace       used 33459K, committed 33792K, reserved 1081344K
  class space    used 4663K, committed 4800K, reserved 1048576K
}
Event: 5.366 GC heap after
{Heap after GC invocations=10 (full 0):
 garbage-first heap   total 98304K, used 50722K [0x00000006e0000000, 0x0000000800000000)
  region size 4096K, 1 young (4096K), 1 survivors (4096K)
 Metaspace       used 33459K, committed 33792K, reserved 1081344K
  class space    used 4663K, committed 4800K, reserved 1048576K
}
Event: 5.426 GC heap before
{Heap before GC invocations=10 (full 0):
 garbage-first heap   total 98304K, used 54818K [0x00000006e0000000, 0x0000000800000000)
  region size 4096K, 2 young (8192K), 1 survivors (4096K)
 Metaspace       used 34087K, committed 34496K, reserved 1081344K
  class space    used 4762K, committed 4928K, reserved 1048576K
}
Event: 5.430 GC heap after
{Heap after GC invocations=11 (full 0):
 garbage-first heap   total 98304K, used 49637K [0x00000006e0000000, 0x0000000800000000)
  region size 4096K, 1 young (4096K), 1 survivors (4096K)
 Metaspace       used 34087K, committed 34496K, reserved 1081344K
  class space    used 4762K, committed 4928K, reserved 1048576K
}
Event: 5.734 GC heap before
{Heap before GC invocations=11 (full 0):
 garbage-first heap   total 98304K, used 70117K [0x00000006e0000000, 0x0000000800000000)
  region size 4096K, 6 young (24576K), 1 survivors (4096K)
 Metaspace       used 37767K, committed 38144K, reserved 1089536K
  class space    used 5132K, committed 5248K, reserved 1048576K
}
Event: 5.737 GC heap after
{Heap after GC invocations=12 (full 0):
 garbage-first heap   total 135168K, used 51578K [0x00000006e0000000, 0x0000000800000000)
  region size 4096K, 1 young (4096K), 1 survivors (4096K)
 Metaspace       used 37767K, committed 38144K, reserved 1089536K
  class space    used 5132K, committed 5248K, reserved 1048576K
}

