# JRE version: OpenJDK Runtime Environment (11.0.12+7) (build 11.0.12+7-b1504.28-7817840)
# Java VM: OpenJDK 64-Bit Server VM (11.0.12+7-b1504.28-7817840, mixed mode, tiered, compressed oops, g1 gc, windows-amd64)
Heap:
 garbage-first heap   total 187392K, used 113790K [0x0000000080000000, 0x0000000100000000)
  region size 1024K, 64 young (65536K), 8 survivors (8192K)
 Metaspace       used 67795K, capacity 69348K, committed 69488K, reserved 1110016K
  class space    used 8624K, capacity 9216K, committed 9292K, reserved 1048576K
GC Heap History (20 events):
Event: 2.006 GC heap before
{Heap before GC invocations=2 (full 0):
 garbage-first heap   total 129024K, used 53072K [0x0000000080000000, 0x0000000100000000)
  region size 1024K, 43 young (44032K), 1 survivors (1024K)
 Metaspace       used 17247K, capacity 17690K, committed 17792K, reserved 1064960K
  class space    used 1999K, capacity 2135K, committed 2176K, reserved 1048576K
}
Event: 2.010 GC heap after
{Heap after GC invocations=3 (full 0):
 garbage-first heap   total 129024K, used 16191K [0x0000000080000000, 0x0000000100000000)
  region size 1024K, 6 young (6144K), 6 survivors (6144K)
 Metaspace       used 17247K, capacity 17690K, committed 17792K, reserved 1064960K
  class space    used 1999K, capacity 2135K, committed 2176K, reserved 1048576K
}
Event: 2.243 GC heap before
{Heap before GC invocations=3 (full 0):
 garbage-first heap   total 129024K, used 49983K [0x0000000080000000, 0x0000000100000000)
  region size 1024K, 40 young (40960K), 6 survivors (6144K)
 Metaspace       used 20688K, capacity 21178K, committed 21296K, reserved 1069056K
  class space    used 2548K, capacity 2682K, committed 2688K, reserved 1048576K
}
Event: 2.249 GC heap after
{Heap after GC invocations=4 (full 0):
 garbage-first heap   total 129024K, used 17455K [0x0000000080000000, 0x0000000100000000)
  region size 1024K, 2 young (2048K), 2 survivors (2048K)
 Metaspace       used 20688K, capacity 21178K, committed 21296K, reserved 1069056K
  class space    used 2548K, capacity 2682K, committed 2688K, reserved 1048576K
}
Event: 2.679 GC heap before
{Heap before GC invocations=5 (full 0):
 garbage-first heap   total 129024K, used 67631K [0x0000000080000000, 0x0000000100000000)
  region size 1024K, 51 young (52224K), 2 survivors (2048K)
 Metaspace       used 25938K, capacity 26526K, committed 26800K, reserved 1073152K
  class space    used 3356K, capacity 3555K, committed 3584K, reserved 1048576K
}
Event: 2.683 GC heap after
{Heap after GC invocations=6 (full 0):
 garbage-first heap   total 129024K, used 19084K [0x0000000080000000, 0x0000000100000000)
  region size 1024K, 4 young (4096K), 4 survivors (4096K)
 Metaspace       used 25938K, capacity 26526K, committed 26800K, reserved 1073152K
  class space    used 3356K, capacity 3555K, committed 3584K, reserved 1048576K
}
Event: 3.304 GC heap before
{Heap before GC invocations=6 (full 0):
 garbage-first heap   total 129024K, used 78476K [0x0000000080000000, 0x0000000100000000)
  region size 1024K, 62 young (63488K), 4 survivors (4096K)
 Metaspace       used 32650K, capacity 33437K, committed 33584K, reserved 1079296K
  class space    used 4317K, capacity 4610K, committed 4736K, reserved 1048576K
}
Event: 3.310 GC heap after
{Heap after GC invocations=7 (full 0):
 garbage-first heap   total 129024K, used 21600K [0x0000000080000000, 0x0000000100000000)
  region size 1024K, 6 young (6144K), 6 survivors (6144K)
 Metaspace       used 32650K, capacity 33437K, committed 33584K, reserved 1079296K
  class space    used 4317K, capacity 4610K, committed 4736K, reserved 1048576K
}
Event: 3.384 GC heap before
{Heap before GC invocations=7 (full 0):
 garbage-first heap   total 129024K, used 24672K [0x0000000080000000, 0x0000000100000000)
  region size 1024K, 10 young (10240K), 6 survivors (6144K)
 Metaspace       used 34860K, capacity 35659K, committed 35708K, reserved 1081344K
  class space    used 4520K, capacity 4841K, committed 4864K, reserved 1048576K
}
Event: 3.391 GC heap after
{Heap after GC invocations=8 (full 0):
 garbage-first heap   total 155648K, used 22663K [0x0000000080000000, 0x0000000100000000)
  region size 1024K, 6 young (6144K), 6 survivors (6144K)
 Metaspace       used 34860K, capacity 35659K, committed 35708K, reserved 1081344K
  class space    used 4520K, capacity 4841K, committed 4864K, reserved 1048576K
}
Event: 4.184 GC heap before
{Heap before GC invocations=9 (full 0):
 garbage-first heap   total 155648K, used 100487K [0x0000000080000000, 0x0000000100000000)
  region size 1024K, 80 young (81920K), 6 survivors (6144K)
 Metaspace       used 41068K, capacity 42024K, committed 42184K, reserved 1085440K
  class space    used 5264K, capacity 5614K, committed 5708K, reserved 1048576K
}
Event: 4.194 GC heap after
{Heap after GC invocations=10 (full 0):
 garbage-first heap   total 155648K, used 28119K [0x0000000080000000, 0x0000000100000000)
  region size 1024K, 10 young (10240K), 10 survivors (10240K)
 Metaspace       used 41068K, capacity 42024K, committed 42184K, reserved 1085440K
  class space    used 5264K, capacity 5614K, committed 5708K, reserved 1048576K
}
Event: 4.879 GC heap before
{Heap before GC invocations=10 (full 0):
 garbage-first heap   total 155648K, used 102871K [0x0000000080000000, 0x0000000100000000)
  region size 1024K, 83 young (84992K), 10 survivors (10240K)
 Metaspace       used 47425K, capacity 48493K, committed 48712K, reserved 1091584K
  class space    used 6122K, capacity 6550K, committed 6604K, reserved 1048576K
}
Event: 4.888 GC heap after
{Heap after GC invocations=11 (full 0):
 garbage-first heap   total 155648K, used 31633K [0x0000000080000000, 0x0000000100000000)
  region size 1024K, 9 young (9216K), 9 survivors (9216K)
 Metaspace       used 47425K, capacity 48493K, committed 48712K, reserved 1091584K
  class space    used 6122K, capacity 6550K, committed 6604K, reserved 1048576K
}
Event: 5.729 GC heap before
{Heap before GC invocations=11 (full 0):
 garbage-first heap   total 155648K, used 114577K [0x0000000080000000, 0x0000000100000000)
  region size 1024K, 83 young (84992K), 9 survivors (9216K)
 Metaspace       used 51068K, capacity 52334K, committed 52552K, reserved 1095680K
  class space    used 6526K, capacity 7000K, committed 7116K, reserved 1048576K
}
Event: 5.740 GC heap after
{Heap after GC invocations=12 (full 0):
 garbage-first heap   total 155648K, used 49687K [0x0000000080000000, 0x0000000100000000)
  region size 1024K, 11 young (11264K), 11 survivors (11264K)
 Metaspace       used 51068K, capacity 52334K, committed 52552K, reserved 1095680K
  class space    used 6526K, capacity 7000K, committed 7116K, reserved 1048576K
}
Event: 6.341 GC heap before
{Heap before GC invocations=12 (full 0):
 garbage-first heap   total 155648K, used 102935K [0x0000000080000000, 0x0000000100000000)
  region size 1024K, 64 young (65536K), 11 survivors (11264K)
 Metaspace       used 58403K, capacity 59869K, committed 59976K, reserved 1101824K
  class space    used 7449K, capacity 8035K, committed 8140K, reserved 1048576K
}
Event: 6.359 GC heap after
{Heap after GC invocations=13 (full 0):
 garbage-first heap   total 187392K, used 52574K [0x0000000080000000, 0x0000000100000000)
  region size 1024K, 3 young (3072K), 3 survivors (3072K)
 Metaspace       used 58403K, capacity 59869K, committed 59976K, reserved 1101824K
  class space    used 7449K, capacity 8035K, committed 8140K, reserved 1048576K
}
Event: 7.073 GC heap before
{Heap before GC invocations=14 (full 0):
 garbage-first heap   total 187392K, used 125278K [0x0000000080000000, 0x0000000100000000)
  region size 1024K, 74 young (75776K), 3 survivors (3072K)
 Metaspace       used 65214K, capacity 66745K, committed 66928K, reserved 1107968K
  class space    used 8312K, capacity 8907K, committed 9036K, reserved 1048576K
}
Event: 7.082 GC heap after
{Heap after GC invocations=15 (full 0):
 garbage-first heap   total 187392K, used 57470K [0x0000000080000000, 0x0000000100000000)
  region size 1024K, 8 young (8192K), 8 survivors (8192K)
 Metaspace       used 65214K, capacity 66745K, committed 66928K, reserved 1107968K
  class space    used 8312K, capacity 8907K, committed 9036K, reserved 1048576K
}

