# JRE version: OpenJDK Runtime Environment (17.0.6) (build 17.0.6+0-b2043.56-10027231)
# Java VM: OpenJDK 64-Bit Server VM (17.0.6+0-b2043.56-10027231, mixed mode, tiered, compressed oops, compressed class ptrs, g1 gc, windows-amd64)
GC Precious Log:
 CPUs: 8 total, 8 available
 Memory: 7992M
 Large Page Support: Disabled
 NUMA Support: Disabled
 Compressed Oops: Enabled (Zero based)
 Heap Region Size: 4M
 Heap Min Capacity: 8M
 Heap Initial Capacity: 128M
 Heap Max Capacity: 4608M
 Pre-touch: Disabled
 Parallel Workers: 8
 Concurrent Workers: 2
 Concurrent Refinement Workers: 8
 Periodic GC: Disabled
Heap:
 garbage-first heap   total 208896K, used 114819K [0x00000006e0000000, 0x0000000800000000)
  region size 4096K, 3 young (12288K), 1 survivors (4096K)
 Metaspace       used 90214K, committed 90944K, reserved 1130496K
  class space    used 12289K, committed 12608K, reserved 1048576K
GC Heap History (20 events):
Event: 6.041 GC heap before
{Heap before GC invocations=18 (full 0):
 garbage-first heap   total 139264K, used 83053K [0x00000006e0000000, 0x0000000800000000)
  region size 4096K, 6 young (24576K), 2 survivors (8192K)
 Metaspace       used 53853K, committed 54400K, reserved 1097728K
  class space    used 7186K, committed 7424K, reserved 1048576K
}
Event: 6.046 GC heap after
{Heap after GC invocations=19 (full 0):
 garbage-first heap   total 139264K, used 81013K [0x00000006e0000000, 0x0000000800000000)
  region size 4096K, 2 young (8192K), 2 survivors (8192K)
 Metaspace       used 53853K, committed 54400K, reserved 1097728K
  class space    used 7186K, committed 7424K, reserved 1048576K
}
Event: 6.350 GC heap before
{Heap before GC invocations=20 (full 0):
 garbage-first heap   total 151552K, used 105589K [0x00000006e0000000, 0x0000000800000000)
  region size 4096K, 8 young (32768K), 2 survivors (8192K)
 Metaspace       used 56640K, committed 57216K, reserved 1105920K
  class space    used 7664K, committed 7936K, reserved 1048576K
}
Event: 6.356 GC heap after
{Heap after GC invocations=21 (full 0):
 garbage-first heap   total 151552K, used 90429K [0x00000006e0000000, 0x0000000800000000)
  region size 4096K, 1 young (4096K), 1 survivors (4096K)
 Metaspace       used 56640K, committed 57216K, reserved 1105920K
  class space    used 7664K, committed 7936K, reserved 1048576K
}
Event: 6.609 GC heap before
{Heap before GC invocations=21 (full 0):
 garbage-first heap   total 151552K, used 115005K [0x00000006e0000000, 0x0000000800000000)
  region size 4096K, 7 young (28672K), 1 survivors (4096K)
 Metaspace       used 58016K, committed 58560K, reserved 1105920K
  class space    used 7831K, committed 8064K, reserved 1048576K
}
Event: 6.613 GC heap after
{Heap after GC invocations=22 (full 0):
 garbage-first heap   total 151552K, used 91785K [0x00000006e0000000, 0x0000000800000000)
  region size 4096K, 1 young (4096K), 1 survivors (4096K)
 Metaspace       used 58016K, committed 58560K, reserved 1105920K
  class space    used 7831K, committed 8064K, reserved 1048576K
}
Event: 6.930 GC heap before
{Heap before GC invocations=23 (full 0):
 garbage-first heap   total 172032K, used 112265K [0x00000006e0000000, 0x0000000800000000)
  region size 4096K, 6 young (24576K), 1 survivors (4096K)
 Metaspace       used 60962K, committed 61504K, reserved 1105920K
  class space    used 8209K, committed 8448K, reserved 1048576K
}
Event: 6.933 GC heap after
{Heap after GC invocations=24 (full 0):
 garbage-first heap   total 172032K, used 93053K [0x00000006e0000000, 0x0000000800000000)
  region size 4096K, 1 young (4096K), 1 survivors (4096K)
 Metaspace       used 60962K, committed 61504K, reserved 1105920K
  class space    used 8209K, committed 8448K, reserved 1048576K
}
Event: 6.995 GC heap before
{Heap before GC invocations=24 (full 0):
 garbage-first heap   total 172032K, used 97149K [0x00000006e0000000, 0x0000000800000000)
  region size 4096K, 2 young (8192K), 1 survivors (4096K)
 Metaspace       used 61580K, committed 62144K, reserved 1105920K
  class space    used 8283K, committed 8512K, reserved 1048576K
}
Event: 7.000 GC heap after
{Heap after GC invocations=25 (full 0):
 garbage-first heap   total 208896K, used 92302K [0x00000006e0000000, 0x0000000800000000)
  region size 4096K, 1 young (4096K), 1 survivors (4096K)
 Metaspace       used 61580K, committed 62144K, reserved 1105920K
  class space    used 8283K, committed 8512K, reserved 1048576K
}
Event: 7.803 GC heap before
{Heap before GC invocations=25 (full 0):
 garbage-first heap   total 208896K, used 141454K [0x00000006e0000000, 0x0000000800000000)
  region size 4096K, 14 young (57344K), 1 survivors (4096K)
 Metaspace       used 70000K, committed 70656K, reserved 1114112K
  class space    used 9308K, committed 9600K, reserved 1048576K
}
Event: 7.810 GC heap after
{Heap after GC invocations=26 (full 0):
 garbage-first heap   total 208896K, used 99659K [0x00000006e0000000, 0x0000000800000000)
  region size 4096K, 2 young (8192K), 2 survivors (8192K)
 Metaspace       used 70000K, committed 70656K, reserved 1114112K
  class space    used 9308K, committed 9600K, reserved 1048576K
}
Event: 8.448 GC heap before
{Heap before GC invocations=27 (full 0):
 garbage-first heap   total 208896K, used 148811K [0x00000006e0000000, 0x0000000800000000)
  region size 4096K, 15 young (61440K), 2 survivors (8192K)
 Metaspace       used 74281K, committed 74944K, reserved 1114112K
  class space    used 9868K, committed 10112K, reserved 1048576K
}
Event: 8.454 GC heap after
{Heap after GC invocations=28 (full 0):
 garbage-first heap   total 208896K, used 100394K [0x00000006e0000000, 0x0000000800000000)
  region size 4096K, 1 young (4096K), 1 survivors (4096K)
 Metaspace       used 74281K, committed 74944K, reserved 1114112K
  class space    used 9868K, committed 10112K, reserved 1048576K
}
Event: 9.264 GC heap before
{Heap before GC invocations=28 (full 0):
 garbage-first heap   total 208896K, used 157738K [0x00000006e0000000, 0x0000000800000000)
  region size 4096K, 15 young (61440K), 1 survivors (4096K)
 Metaspace       used 81208K, committed 81792K, reserved 1122304K
  class space    used 10847K, committed 11072K, reserved 1048576K
}
Event: 9.269 GC heap after
{Heap after GC invocations=29 (full 0):
 garbage-first heap   total 208896K, used 102623K [0x00000006e0000000, 0x0000000800000000)
  region size 4096K, 2 young (8192K), 2 survivors (8192K)
 Metaspace       used 81208K, committed 81792K, reserved 1122304K
  class space    used 10847K, committed 11072K, reserved 1048576K
}
Event: 9.766 GC heap before
{Heap before GC invocations=29 (full 0):
 garbage-first heap   total 208896K, used 155871K [0x00000006e0000000, 0x0000000800000000)
  region size 4096K, 16 young (65536K), 2 survivors (8192K)
 Metaspace       used 83798K, committed 84416K, reserved 1122304K
  class space    used 11203K, committed 11456K, reserved 1048576K
}
Event: 9.773 GC heap after
{Heap after GC invocations=30 (full 0):
 garbage-first heap   total 208896K, used 107344K [0x00000006e0000000, 0x0000000800000000)
  region size 4096K, 2 young (8192K), 2 survivors (8192K)
 Metaspace       used 83798K, committed 84416K, reserved 1122304K
  class space    used 11203K, committed 11456K, reserved 1048576K
}
Event: 10.508 GC heap before
{Heap before GC invocations=30 (full 0):
 garbage-first heap   total 208896K, used 160592K [0x00000006e0000000, 0x0000000800000000)
  region size 4096K, 15 young (61440K), 2 survivors (8192K)
 Metaspace       used 89840K, committed 90560K, reserved 1130496K
  class space    used 12260K, committed 12608K, reserved 1048576K
}
Event: 10.515 GC heap after
{Heap after GC invocations=31 (full 0):
 garbage-first heap   total 208896K, used 110723K [0x00000006e0000000, 0x0000000800000000)
  region size 4096K, 1 young (4096K), 1 survivors (4096K)
 Metaspace       used 89840K, committed 90560K, reserved 1130496K
  class space    used 12260K, committed 12608K, reserved 1048576K
}

