# JRE version: OpenJDK Runtime Environment (11.0.12+7) (build 11.0.12+7-b1504.28-7817840)
# Java VM: OpenJDK 64-Bit Server VM (11.0.12+7-b1504.28-7817840, mixed mode, tiered, compressed oops, g1 gc, windows-amd64)
Heap:
 garbage-first heap   total 187392K, used 71082K [0x0000000080000000, 0x0000000100000000)
  region size 1024K, 16 young (16384K), 4 survivors (4096K)
 Metaspace       used 67838K, capacity 69413K, committed 69744K, reserved 1110016K
  class space    used 8627K, capacity 9216K, committed 9292K, reserved 1048576K
GC Heap History (20 events):
Event: 2.293 GC heap before
{Heap before GC invocations=2 (full 0):
 garbage-first heap   total 129024K, used 46453K [0x0000000080000000, 0x0000000100000000)
  region size 1024K, 41 young (41984K), 10 survivors (10240K)
 Metaspace       used 20686K, capacity 21178K, committed 21296K, reserved 1069056K
  class space    used 2548K, capacity 2682K, committed 2688K, reserved 1048576K
}
Event: 2.300 GC heap after
{Heap after GC invocations=3 (full 0):
 garbage-first heap   total 129024K, used 16963K [0x0000000080000000, 0x0000000100000000)
  region size 1024K, 2 young (2048K), 2 survivors (2048K)
 Metaspace       used 20686K, capacity 21178K, committed 21296K, reserved 1069056K
  class space    used 2548K, capacity 2682K, committed 2688K, reserved 1048576K
}
Event: 2.902 GC heap before
{Heap before GC invocations=4 (full 0):
 garbage-first heap   total 129024K, used 85571K [0x0000000080000000, 0x0000000100000000)
  region size 1024K, 69 young (70656K), 2 survivors (2048K)
 Metaspace       used 27568K, capacity 28242K, committed 28464K, reserved 1073152K
  class space    used 3622K, capacity 3857K, committed 3968K, reserved 1048576K
}
Event: 2.906 GC heap after
{Heap after GC invocations=5 (full 0):
 garbage-first heap   total 129024K, used 19187K [0x0000000080000000, 0x0000000100000000)
  region size 1024K, 4 young (4096K), 4 survivors (4096K)
 Metaspace       used 27568K, capacity 28242K, committed 28464K, reserved 1073152K
  class space    used 3622K, capacity 3857K, committed 3968K, reserved 1048576K
}
Event: 3.403 GC heap before
{Heap before GC invocations=5 (full 0):
 garbage-first heap   total 129024K, used 64243K [0x0000000080000000, 0x0000000100000000)
  region size 1024K, 49 young (50176K), 4 survivors (4096K)
 Metaspace       used 34855K, capacity 35659K, committed 35708K, reserved 1081344K
  class space    used 4518K, capacity 4841K, committed 4864K, reserved 1048576K
}
Event: 3.415 GC heap after
{Heap after GC invocations=6 (full 0):
 garbage-first heap   total 129024K, used 21824K [0x0000000080000000, 0x0000000100000000)
  region size 1024K, 6 young (6144K), 6 survivors (6144K)
 Metaspace       used 34855K, capacity 35659K, committed 35708K, reserved 1081344K
  class space    used 4518K, capacity 4841K, committed 4864K, reserved 1048576K
}
Event: 4.053 GC heap before
{Heap before GC invocations=7 (full 0):
 garbage-first heap   total 129024K, used 93504K [0x0000000080000000, 0x0000000100000000)
  region size 1024K, 74 young (75776K), 6 survivors (6144K)
 Metaspace       used 40576K, capacity 41497K, committed 41544K, reserved 1085440K
  class space    used 5189K, capacity 5546K, committed 5580K, reserved 1048576K
}
Event: 4.062 GC heap after
{Heap after GC invocations=8 (full 0):
 garbage-first heap   total 129024K, used 27453K [0x0000000080000000, 0x0000000100000000)
  region size 1024K, 10 young (10240K), 10 survivors (10240K)
 Metaspace       used 40576K, capacity 41497K, committed 41544K, reserved 1085440K
  class space    used 5189K, capacity 5546K, committed 5580K, reserved 1048576K
}
Event: 4.604 GC heap before
{Heap before GC invocations=8 (full 0):
 garbage-first heap   total 129024K, used 94013K [0x0000000080000000, 0x0000000100000000)
  region size 1024K, 75 young (76800K), 10 survivors (10240K)
 Metaspace       used 46397K, capacity 47481K, committed 47560K, reserved 1091584K
  class space    used 5978K, capacity 6402K, committed 6476K, reserved 1048576K
}
Event: 4.612 GC heap after
{Heap after GC invocations=9 (full 0):
 garbage-first heap   total 155648K, used 30296K [0x0000000080000000, 0x0000000100000000)
  region size 1024K, 8 young (8192K), 8 survivors (8192K)
 Metaspace       used 46397K, capacity 47481K, committed 47560K, reserved 1091584K
  class space    used 5978K, capacity 6402K, committed 6476K, reserved 1048576K
}
Event: 5.602 GC heap before
{Heap before GC invocations=9 (full 0):
 garbage-first heap   total 155648K, used 113240K [0x0000000080000000, 0x0000000100000000)
  region size 1024K, 82 young (83968K), 8 survivors (8192K)
 Metaspace       used 49205K, capacity 50411K, committed 50760K, reserved 1093632K
  class space    used 6303K, capacity 6763K, committed 6860K, reserved 1048576K
}
Event: 5.615 GC heap after
{Heap after GC invocations=10 (full 0):
 garbage-first heap   total 155648K, used 48685K [0x0000000080000000, 0x0000000100000000)
  region size 1024K, 11 young (11264K), 11 survivors (11264K)
 Metaspace       used 49205K, capacity 50411K, committed 50760K, reserved 1093632K
  class space    used 6303K, capacity 6763K, committed 6860K, reserved 1048576K
}
Event: 6.303 GC heap before
{Heap before GC invocations=10 (full 0):
 garbage-first heap   total 155648K, used 115245K [0x0000000080000000, 0x0000000100000000)
  region size 1024K, 76 young (77824K), 11 survivors (11264K)
 Metaspace       used 57890K, capacity 59347K, committed 59592K, reserved 1101824K
  class space    used 7383K, capacity 7903K, committed 8012K, reserved 1048576K
}
Event: 6.311 GC heap after
{Heap after GC invocations=11 (full 0):
 garbage-first heap   total 155648K, used 52147K [0x0000000080000000, 0x0000000100000000)
  region size 1024K, 3 young (3072K), 3 survivors (3072K)
 Metaspace       used 57890K, capacity 59347K, committed 59592K, reserved 1101824K
  class space    used 7383K, capacity 7903K, committed 8012K, reserved 1048576K
}
Event: 6.346 GC heap before
{Heap before GC invocations=11 (full 0):
 garbage-first heap   total 155648K, used 54195K [0x0000000080000000, 0x0000000100000000)
  region size 1024K, 6 young (6144K), 3 survivors (3072K)
 Metaspace       used 58346K, capacity 59789K, committed 59976K, reserved 1101824K
  class space    used 7443K, capacity 8008K, committed 8140K, reserved 1048576K
}
Event: 6.350 GC heap after
{Heap after GC invocations=12 (full 0):
 garbage-first heap   total 155648K, used 51546K [0x0000000080000000, 0x0000000100000000)
  region size 1024K, 3 young (3072K), 3 survivors (3072K)
 Metaspace       used 58346K, capacity 59789K, committed 59976K, reserved 1101824K
  class space    used 7443K, capacity 8008K, committed 8140K, reserved 1048576K
}
Event: 6.901 GC heap before
{Heap before GC invocations=13 (full 0):
 garbage-first heap   total 155648K, used 105818K [0x0000000080000000, 0x0000000100000000)
  region size 1024K, 57 young (58368K), 3 survivors (3072K)
 Metaspace       used 63839K, capacity 65276K, committed 65648K, reserved 1105920K
  class space    used 8104K, capacity 8658K, committed 8780K, reserved 1048576K
}
Event: 6.909 GC heap after
{Heap after GC invocations=14 (full 0):
 garbage-first heap   total 155648K, used 56196K [0x0000000080000000, 0x0000000100000000)
  region size 1024K, 7 young (7168K), 7 survivors (7168K)
 Metaspace       used 63839K, capacity 65276K, committed 65648K, reserved 1105920K
  class space    used 8104K, capacity 8658K, committed 8780K, reserved 1048576K
}
Event: 7.514 GC heap before
{Heap before GC invocations=15 (full 0):
 garbage-first heap   total 155648K, used 112516K [0x0000000080000000, 0x0000000100000000)
  region size 1024K, 61 young (62464K), 7 survivors (7168K)
 Metaspace       used 67805K, capacity 69315K, committed 69488K, reserved 1110016K
  class space    used 8622K, capacity 9182K, committed 9292K, reserved 1048576K
}
Event: 7.523 GC heap after
{Heap after GC invocations=16 (full 0):
 garbage-first heap   total 187392K, used 59818K [0x0000000080000000, 0x0000000100000000)
  region size 1024K, 4 young (4096K), 4 survivors (4096K)
 Metaspace       used 67805K, capacity 69315K, committed 69488K, reserved 1110016K
  class space    used 8622K, capacity 9182K, committed 9292K, reserved 1048576K
}

