# JRE version: OpenJDK Runtime Environment (17.0.6) (build 17.0.6+0-b2043.56-10027231)
# Java VM: OpenJDK 64-Bit Server VM (17.0.6+0-b2043.56-10027231, mixed mode, tiered, compressed oops, compressed class ptrs, g1 gc, windows-amd64)
GC Precious Log:
 CPUs: 8 total, 8 available
 Memory: 7992M
 Large Page Support: Disabled
 NUMA Support: Disabled
 Compressed Oops: Enabled (Zero based)
 Heap Region Size: 4M
 Heap Min Capacity: 8M
 Heap Initial Capacity: 128M
 Heap Max Capacity: 4608M
 Pre-touch: Disabled
 Parallel Workers: 8
 Concurrent Workers: 2
 Concurrent Refinement Workers: 8
 Periodic GC: Disabled
Heap:
 garbage-first heap   total 217088K, used 164070K [0x00000006e0000000, 0x0000000800000000)
  region size 4096K, 14 young (57344K), 1 survivors (4096K)
 Metaspace       used 113308K, committed 114112K, reserved 1155072K
  class space    used 14982K, committed 15360K, reserved 1048576K
GC Heap History (20 events):
Event: 11.006 GC heap before
{Heap before GC invocations=30 (full 0):
 garbage-first heap   total 159744K, used 119374K [0x00000006e0000000, 0x0000000800000000)
  region size 4096K, 10 young (40960K), 2 survivors (8192K)
 Metaspace       used 89449K, committed 89984K, reserved 1130496K
  class space    used 12097K, committed 12352K, reserved 1048576K
}
Event: 11.011 GC heap after
{Heap after GC invocations=31 (full 0):
 garbage-first heap   total 159744K, used 89375K [0x00000006e0000000, 0x0000000800000000)
  region size 4096K, 1 young (4096K), 1 survivors (4096K)
 Metaspace       used 89449K, committed 89984K, reserved 1130496K
  class space    used 12097K, committed 12352K, reserved 1048576K
}
Event: 11.352 GC heap before
{Heap before GC invocations=32 (full 0):
 garbage-first heap   total 180224K, used 122143K [0x00000006e0000000, 0x0000000800000000)
  region size 4096K, 9 young (36864K), 1 survivors (4096K)
 Metaspace       used 89729K, committed 90304K, reserved 1130496K
  class space    used 12107K, committed 12352K, reserved 1048576K
}
Event: 11.357 GC heap after
{Heap after GC invocations=33 (full 0):
 garbage-first heap   total 180224K, used 91152K [0x00000006e0000000, 0x0000000800000000)
  region size 4096K, 2 young (8192K), 2 survivors (8192K)
 Metaspace       used 89729K, committed 90304K, reserved 1130496K
  class space    used 12107K, committed 12352K, reserved 1048576K
}
Event: 11.714 GC heap before
{Heap before GC invocations=33 (full 0):
 garbage-first heap   total 180224K, used 128016K [0x00000006e0000000, 0x0000000800000000)
  region size 4096K, 12 young (49152K), 2 survivors (8192K)
 Metaspace       used 90559K, committed 91136K, reserved 1130496K
  class space    used 12213K, committed 12480K, reserved 1048576K
}
Event: 11.720 GC heap after
{Heap after GC invocations=34 (full 0):
 garbage-first heap   total 180224K, used 94226K [0x00000006e0000000, 0x0000000800000000)
  region size 4096K, 2 young (8192K), 2 survivors (8192K)
 Metaspace       used 90559K, committed 91136K, reserved 1130496K
  class space    used 12213K, committed 12480K, reserved 1048576K
}
Event: 12.529 GC heap before
{Heap before GC invocations=35 (full 0):
 garbage-first heap   total 180224K, used 135186K [0x00000006e0000000, 0x0000000800000000)
  region size 4096K, 13 young (53248K), 2 survivors (8192K)
 Metaspace       used 95825K, committed 96384K, reserved 1138688K
  class space    used 12945K, committed 13184K, reserved 1048576K
}
Event: 12.536 GC heap after
{Heap after GC invocations=36 (full 0):
 garbage-first heap   total 180224K, used 97285K [0x00000006e0000000, 0x0000000800000000)
  region size 4096K, 2 young (8192K), 2 survivors (8192K)
 Metaspace       used 95825K, committed 96384K, reserved 1138688K
  class space    used 12945K, committed 13184K, reserved 1048576K
}
Event: 12.969 GC heap before
{Heap before GC invocations=36 (full 0):
 garbage-first heap   total 180224K, used 134149K [0x00000006e0000000, 0x0000000800000000)
  region size 4096K, 12 young (49152K), 2 survivors (8192K)
 Metaspace       used 96113K, committed 96640K, reserved 1138688K
  class space    used 12961K, committed 13184K, reserved 1048576K
}
Event: 12.980 GC heap after
{Heap after GC invocations=37 (full 0):
 garbage-first heap   total 180224K, used 99715K [0x00000006e0000000, 0x0000000800000000)
  region size 4096K, 2 young (8192K), 2 survivors (8192K)
 Metaspace       used 96113K, committed 96640K, reserved 1138688K
  class space    used 12961K, committed 13184K, reserved 1048576K
}
Event: 13.480 GC heap before
{Heap before GC invocations=38 (full 0):
 garbage-first heap   total 180224K, used 144771K [0x00000006e0000000, 0x0000000800000000)
  region size 4096K, 13 young (53248K), 2 survivors (8192K)
 Metaspace       used 96514K, committed 97152K, reserved 1138688K
  class space    used 13021K, committed 13312K, reserved 1048576K
}
Event: 13.486 GC heap after
{Heap after GC invocations=39 (full 0):
 garbage-first heap   total 180224K, used 102913K [0x00000006e0000000, 0x0000000800000000)
  region size 4096K, 2 young (8192K), 2 survivors (8192K)
 Metaspace       used 96514K, committed 97152K, reserved 1138688K
  class space    used 13021K, committed 13312K, reserved 1048576K
}
Event: 13.535 GC heap before
{Heap before GC invocations=39 (full 0):
 garbage-first heap   total 180224K, used 107009K [0x00000006e0000000, 0x0000000800000000)
  region size 4096K, 3 young (12288K), 2 survivors (8192K)
 Metaspace       used 96636K, committed 97280K, reserved 1138688K
  class space    used 13034K, committed 13312K, reserved 1048576K
}
Event: 13.541 GC heap after
{Heap after GC invocations=40 (full 0):
 garbage-first heap   total 217088K, used 102975K [0x00000006e0000000, 0x0000000800000000)
  region size 4096K, 1 young (4096K), 1 survivors (4096K)
 Metaspace       used 96636K, committed 97280K, reserved 1138688K
  class space    used 13034K, committed 13312K, reserved 1048576K
}
Event: 204.475 GC heap before
{Heap before GC invocations=40 (full 0):
 garbage-first heap   total 217088K, used 164415K [0x00000006e0000000, 0x0000000800000000)
  region size 4096K, 17 young (69632K), 1 survivors (4096K)
 Metaspace       used 104379K, committed 105024K, reserved 1146880K
  class space    used 13891K, committed 14208K, reserved 1048576K
}
Event: 204.482 GC heap after
{Heap after GC invocations=41 (full 0):
 garbage-first heap   total 217088K, used 107598K [0x00000006e0000000, 0x0000000800000000)
  region size 4096K, 2 young (8192K), 2 survivors (8192K)
 Metaspace       used 104379K, committed 105024K, reserved 1146880K
  class space    used 13891K, committed 14208K, reserved 1048576K
}
Event: 205.734 GC heap before
{Heap before GC invocations=42 (full 0):
 garbage-first heap   total 217088K, used 164942K [0x00000006e0000000, 0x0000000800000000)
  region size 4096K, 17 young (69632K), 2 survivors (8192K)
 Metaspace       used 105059K, committed 105728K, reserved 1146880K
  class space    used 13902K, committed 14208K, reserved 1048576K
}
Event: 205.747 GC heap after
{Heap after GC invocations=43 (full 0):
 garbage-first heap   total 217088K, used 114056K [0x00000006e0000000, 0x0000000800000000)
  region size 4096K, 3 young (12288K), 3 survivors (12288K)
 Metaspace       used 105059K, committed 105728K, reserved 1146880K
  class space    used 13902K, committed 14208K, reserved 1048576K
}
Event: 206.691 GC heap before
{Heap before GC invocations=43 (full 0):
 garbage-first heap   total 217088K, used 118152K [0x00000006e0000000, 0x0000000800000000)
  region size 4096K, 4 young (16384K), 3 survivors (12288K)
 Metaspace       used 105605K, committed 106304K, reserved 1146880K
  class space    used 13971K, committed 14336K, reserved 1048576K
}
Event: 206.701 GC heap after
{Heap after GC invocations=44 (full 0):
 garbage-first heap   total 217088K, used 114918K [0x00000006e0000000, 0x0000000800000000)
  region size 4096K, 1 young (4096K), 1 survivors (4096K)
 Metaspace       used 105605K, committed 106304K, reserved 1146880K
  class space    used 13971K, committed 14336K, reserved 1048576K
}

