# JRE version: OpenJDK Runtime Environment (17.0.6) (build 17.0.6+0-b2043.56-10027231)
# Java VM: OpenJDK 64-Bit Server VM (17.0.6+0-b2043.56-10027231, mixed mode, tiered, compressed oops, compressed class ptrs, g1 gc, windows-amd64)
GC Precious Log:
 CPUs: 8 total, 8 available
 Memory: 7992M
 Large Page Support: Disabled
 NUMA Support: Disabled
 Compressed Oops: Enabled (Zero based)
 Heap Region Size: 4M
 Heap Min Capacity: 8M
 Heap Initial Capacity: 128M
 Heap Max Capacity: 4608M
 Pre-touch: Disabled
 Parallel Workers: 8
 Concurrent Workers: 2
 Concurrent Refinement Workers: 8
 Periodic GC: Disabled
Heap:
 garbage-first heap   total 192512K, used 131314K [0x00000006e0000000, 0x0000000800000000)
  region size 4096K, 9 young (36864K), 2 survivors (8192K)
 Metaspace       used 88633K, committed 89344K, reserved 1130496K
  class space    used 12078K, committed 12416K, reserved 1048576K
GC Heap History (20 events):
Event: 5.031 GC heap before
{Heap before GC invocations=16 (full 0):
 garbage-first heap   total 122880K, used 73860K [0x00000006e0000000, 0x0000000800000000)
  region size 4096K, 3 young (12288K), 2 survivors (8192K)
 Metaspace       used 48617K, committed 49088K, reserved 1097728K
  class space    used 6375K, committed 6592K, reserved 1048576K
}
Event: 5.038 GC heap after
{Heap after GC invocations=17 (full 0):
 garbage-first heap   total 122880K, used 70045K [0x00000006e0000000, 0x0000000800000000)
  region size 4096K, 1 young (4096K), 1 survivors (4096K)
 Metaspace       used 48617K, committed 49088K, reserved 1097728K
  class space    used 6375K, committed 6592K, reserved 1048576K
}
Event: 5.431 GC heap before
{Heap before GC invocations=17 (full 0):
 garbage-first heap   total 122880K, used 94621K [0x00000006e0000000, 0x0000000800000000)
  region size 4096K, 7 young (28672K), 1 survivors (4096K)
 Metaspace       used 51195K, committed 51776K, reserved 1097728K
  class space    used 6825K, committed 7040K, reserved 1048576K
}
Event: 5.435 GC heap after
{Heap after GC invocations=18 (full 0):
 garbage-first heap   total 184320K, used 71486K [0x00000006e0000000, 0x0000000800000000)
  region size 4096K, 1 young (4096K), 1 survivors (4096K)
 Metaspace       used 51195K, committed 51776K, reserved 1097728K
  class space    used 6825K, committed 7040K, reserved 1048576K
}
Event: 6.159 GC heap before
{Heap before GC invocations=19 (full 0):
 garbage-first heap   total 184320K, used 137022K [0x00000006e0000000, 0x0000000800000000)
  region size 4096K, 17 young (69632K), 1 survivors (4096K)
 Metaspace       used 53925K, committed 54528K, reserved 1097728K
  class space    used 7190K, committed 7424K, reserved 1048576K
}
Event: 6.165 GC heap after
{Heap after GC invocations=20 (full 0):
 garbage-first heap   total 184320K, used 86939K [0x00000006e0000000, 0x0000000800000000)
  region size 4096K, 3 young (12288K), 3 survivors (12288K)
 Metaspace       used 53925K, committed 54528K, reserved 1097728K
  class space    used 7190K, committed 7424K, reserved 1048576K
}
Event: 6.719 GC heap before
{Heap before GC invocations=20 (full 0):
 garbage-first heap   total 184320K, used 136091K [0x00000006e0000000, 0x0000000800000000)
  region size 4096K, 15 young (61440K), 3 survivors (12288K)
 Metaspace       used 59186K, committed 59776K, reserved 1105920K
  class space    used 7959K, committed 8192K, reserved 1048576K
}
Event: 6.727 GC heap after
{Heap after GC invocations=21 (full 0):
 garbage-first heap   total 184320K, used 90716K [0x00000006e0000000, 0x0000000800000000)
  region size 4096K, 1 young (4096K), 1 survivors (4096K)
 Metaspace       used 59186K, committed 59776K, reserved 1105920K
  class space    used 7959K, committed 8192K, reserved 1048576K
}
Event: 7.491 GC heap before
{Heap before GC invocations=21 (full 0):
 garbage-first heap   total 184320K, used 139868K [0x00000006e0000000, 0x0000000800000000)
  region size 4096K, 13 young (53248K), 1 survivors (4096K)
 Metaspace       used 66550K, committed 67200K, reserved 1114112K
  class space    used 8874K, committed 9152K, reserved 1048576K
}
Event: 7.496 GC heap after
{Heap after GC invocations=22 (full 0):
 garbage-first heap   total 184320K, used 92657K [0x00000006e0000000, 0x0000000800000000)
  region size 4096K, 2 young (8192K), 2 survivors (8192K)
 Metaspace       used 66550K, committed 67200K, reserved 1114112K
  class space    used 8874K, committed 9152K, reserved 1048576K
}
Event: 8.062 GC heap before
{Heap before GC invocations=22 (full 0):
 garbage-first heap   total 184320K, used 137713K [0x00000006e0000000, 0x0000000800000000)
  region size 4096K, 13 young (53248K), 2 survivors (8192K)
 Metaspace       used 71846K, committed 72448K, reserved 1114112K
  class space    used 9560K, committed 9792K, reserved 1048576K
}
Event: 8.068 GC heap after
{Heap after GC invocations=23 (full 0):
 garbage-first heap   total 184320K, used 97193K [0x00000006e0000000, 0x0000000800000000)
  region size 4096K, 2 young (8192K), 2 survivors (8192K)
 Metaspace       used 71846K, committed 72448K, reserved 1114112K
  class space    used 9560K, committed 9792K, reserved 1048576K
}
Event: 8.660 GC heap before
{Heap before GC invocations=23 (full 0):
 garbage-first heap   total 184320K, used 142249K [0x00000006e0000000, 0x0000000800000000)
  region size 4096K, 13 young (53248K), 2 survivors (8192K)
 Metaspace       used 76195K, committed 76800K, reserved 1122304K
  class space    used 10149K, committed 10368K, reserved 1048576K
}
Event: 8.664 GC heap after
{Heap after GC invocations=24 (full 0):
 garbage-first heap   total 184320K, used 99891K [0x00000006e0000000, 0x0000000800000000)
  region size 4096K, 1 young (4096K), 1 survivors (4096K)
 Metaspace       used 76195K, committed 76800K, reserved 1122304K
  class space    used 10149K, committed 10368K, reserved 1048576K
}
Event: 9.215 GC heap before
{Heap before GC invocations=24 (full 0):
 garbage-first heap   total 184320K, used 144947K [0x00000006e0000000, 0x0000000800000000)
  region size 4096K, 12 young (49152K), 1 survivors (4096K)
 Metaspace       used 81480K, committed 82112K, reserved 1122304K
  class space    used 10883K, committed 11136K, reserved 1048576K
}
Event: 9.220 GC heap after
{Heap after GC invocations=25 (full 0):
 garbage-first heap   total 184320K, used 101362K [0x00000006e0000000, 0x0000000800000000)
  region size 4096K, 2 young (8192K), 2 survivors (8192K)
 Metaspace       used 81480K, committed 82112K, reserved 1122304K
  class space    used 10883K, committed 11136K, reserved 1048576K
}
Event: 9.601 GC heap before
{Heap before GC invocations=25 (full 0):
 garbage-first heap   total 184320K, used 146418K [0x00000006e0000000, 0x0000000800000000)
  region size 4096K, 13 young (53248K), 2 survivors (8192K)
 Metaspace       used 82888K, committed 83584K, reserved 1122304K
  class space    used 11056K, committed 11392K, reserved 1048576K
}
Event: 9.607 GC heap after
{Heap after GC invocations=26 (full 0):
 garbage-first heap   total 184320K, used 105348K [0x00000006e0000000, 0x0000000800000000)
  region size 4096K, 2 young (8192K), 2 survivors (8192K)
 Metaspace       used 82888K, committed 83584K, reserved 1122304K
  class space    used 11056K, committed 11392K, reserved 1048576K
}
Event: 9.908 GC heap before
{Heap before GC invocations=26 (full 0):
 garbage-first heap   total 184320K, used 125828K [0x00000006e0000000, 0x0000000800000000)
  region size 4096K, 8 young (32768K), 2 survivors (8192K)
 Metaspace       used 85822K, committed 86528K, reserved 1130496K
  class space    used 11597K, committed 11904K, reserved 1048576K
}
Event: 9.912 GC heap after
{Heap after GC invocations=27 (full 0):
 garbage-first heap   total 184320K, used 106738K [0x00000006e0000000, 0x0000000800000000)
  region size 4096K, 2 young (8192K), 2 survivors (8192K)
 Metaspace       used 85822K, committed 86528K, reserved 1130496K
  class space    used 11597K, committed 11904K, reserved 1048576K
}

