# JRE version: OpenJDK Runtime Environment (17.0.6) (build 17.0.6+0-b2043.56-10027231)
# Java VM: OpenJDK 64-Bit Server VM (17.0.6+0-b2043.56-10027231, mixed mode, tiered, compressed oops, compressed class ptrs, g1 gc, windows-amd64)
GC Precious Log:
 CPUs: 8 total, 8 available
 Memory: 7992M
 Large Page Support: Disabled
 NUMA Support: Disabled
 Compressed Oops: Enabled (Zero based)
 Heap Region Size: 4M
 Heap Min Capacity: 8M
 Heap Initial Capacity: 128M
 Heap Max Capacity: 4608M
 Pre-touch: Disabled
 Parallel Workers: 8
 Concurrent Workers: 2
 Concurrent Refinement Workers: 8
 Periodic GC: Disabled
Heap:
 garbage-first heap   total 245760K, used 126447K [0x00000006e0000000, 0x0000000800000000)
  region size 4096K, 2 young (8192K), 2 survivors (8192K)
 Metaspace       used 99651K, committed 100288K, reserved 1138688K
  class space    used 13175K, committed 13504K, reserved 1048576K
GC Heap History (20 events):
Event: 9.299 GC heap after
{Heap after GC invocations=27 (full 0):
 garbage-first heap   total 147456K, used 80106K [0x00000006e0000000, 0x0000000800000000)
  region size 4096K, 2 young (8192K), 2 survivors (8192K)
 Metaspace       used 85342K, committed 85888K, reserved 1130496K
  class space    used 11410K, committed 11648K, reserved 1048576K
}
Event: 9.854 GC heap before
{Heap before GC invocations=28 (full 0):
 garbage-first heap   total 151552K, used 112874K [0x00000006e0000000, 0x0000000800000000)
  region size 4096K, 11 young (45056K), 2 survivors (8192K)
 Metaspace       used 88567K, committed 89152K, reserved 1130496K
  class space    used 11826K, committed 12096K, reserved 1048576K
}
Event: 9.866 GC heap after
{Heap after GC invocations=29 (full 0):
 garbage-first heap   total 151552K, used 86463K [0x00000006e0000000, 0x0000000800000000)
  region size 4096K, 2 young (8192K), 2 survivors (8192K)
 Metaspace       used 88567K, committed 89152K, reserved 1130496K
  class space    used 11826K, committed 12096K, reserved 1048576K
}
Event: 10.130 GC heap before
{Heap before GC invocations=29 (full 0):
 garbage-first heap   total 151552K, used 115135K [0x00000006e0000000, 0x0000000800000000)
  region size 4096K, 10 young (40960K), 2 survivors (8192K)
 Metaspace       used 89506K, committed 90112K, reserved 1130496K
  class space    used 12071K, committed 12352K, reserved 1048576K
}
Event: 10.138 GC heap after
{Heap after GC invocations=30 (full 0):
 garbage-first heap   total 151552K, used 88935K [0x00000006e0000000, 0x0000000800000000)
  region size 4096K, 1 young (4096K), 1 survivors (4096K)
 Metaspace       used 89506K, committed 90112K, reserved 1130496K
  class space    used 12071K, committed 12352K, reserved 1048576K
}
Event: 10.501 GC heap before
{Heap before GC invocations=31 (full 0):
 garbage-first heap   total 163840K, used 117607K [0x00000006e0000000, 0x0000000800000000)
  region size 4096K, 9 young (36864K), 1 survivors (4096K)
 Metaspace       used 89861K, committed 90432K, reserved 1130496K
  class space    used 12088K, committed 12352K, reserved 1048576K
}
Event: 10.505 GC heap after
{Heap after GC invocations=32 (full 0):
 garbage-first heap   total 163840K, used 90876K [0x00000006e0000000, 0x0000000800000000)
  region size 4096K, 2 young (8192K), 2 survivors (8192K)
 Metaspace       used 89861K, committed 90432K, reserved 1130496K
  class space    used 12088K, committed 12352K, reserved 1048576K
}
Event: 10.854 GC heap before
{Heap before GC invocations=32 (full 0):
 garbage-first heap   total 163840K, used 131836K [0x00000006e0000000, 0x0000000800000000)
  region size 4096K, 12 young (49152K), 2 survivors (8192K)
 Metaspace       used 91567K, committed 92096K, reserved 1130496K
  class space    used 12318K, committed 12544K, reserved 1048576K
}
Event: 10.864 GC heap after
{Heap after GC invocations=33 (full 0):
 garbage-first heap   total 196608K, used 105484K [0x00000006e0000000, 0x0000000800000000)
  region size 4096K, 2 young (8192K), 2 survivors (8192K)
 Metaspace       used 91567K, committed 92096K, reserved 1130496K
  class space    used 12318K, committed 12544K, reserved 1048576K
}
Event: 11.240 GC heap before
{Heap before GC invocations=34 (full 0):
 garbage-first heap   total 200704K, used 142348K [0x00000006e0000000, 0x0000000800000000)
  region size 4096K, 12 young (49152K), 2 survivors (8192K)
 Metaspace       used 91908K, committed 92480K, reserved 1130496K
  class space    used 12345K, committed 12608K, reserved 1048576K
}
Event: 11.249 GC heap after
{Heap after GC invocations=35 (full 0):
 garbage-first heap   total 200704K, used 114029K [0x00000006e0000000, 0x0000000800000000)
  region size 4096K, 2 young (8192K), 2 survivors (8192K)
 Metaspace       used 91908K, committed 92480K, reserved 1130496K
  class space    used 12345K, committed 12608K, reserved 1048576K
}
Event: 11.332 GC heap before
{Heap before GC invocations=35 (full 0):
 garbage-first heap   total 200704K, used 118125K [0x00000006e0000000, 0x0000000800000000)
  region size 4096K, 3 young (12288K), 2 survivors (8192K)
 Metaspace       used 93266K, committed 93824K, reserved 1130496K
  class space    used 12543K, committed 12800K, reserved 1048576K
}
Event: 11.339 GC heap after
{Heap after GC invocations=36 (full 0):
 garbage-first heap   total 200704K, used 113132K [0x00000006e0000000, 0x0000000800000000)
  region size 4096K, 1 young (4096K), 1 survivors (4096K)
 Metaspace       used 93266K, committed 93824K, reserved 1130496K
  class space    used 12543K, committed 12800K, reserved 1048576K
}
Event: 11.522 GC heap before
{Heap before GC invocations=36 (full 0):
 garbage-first heap   total 200704K, used 129516K [0x00000006e0000000, 0x0000000800000000)
  region size 4096K, 7 young (28672K), 1 survivors (4096K)
 Metaspace       used 94107K, committed 94720K, reserved 1138688K
  class space    used 12639K, committed 12928K, reserved 1048576K
}
Event: 11.528 GC heap after
{Heap after GC invocations=37 (full 0):
 garbage-first heap   total 200704K, used 119960K [0x00000006e0000000, 0x0000000800000000)
  region size 4096K, 2 young (8192K), 2 survivors (8192K)
 Metaspace       used 94107K, committed 94720K, reserved 1138688K
  class space    used 12639K, committed 12928K, reserved 1048576K
}
Event: 11.934 GC heap before
{Heap before GC invocations=38 (full 0):
 garbage-first heap   total 245760K, used 160920K [0x00000006e0000000, 0x0000000800000000)
  region size 4096K, 10 young (40960K), 2 survivors (8192K)
 Metaspace       used 97749K, committed 98368K, reserved 1138688K
  class space    used 13003K, committed 13312K, reserved 1048576K
}
Event: 11.942 GC heap after
{Heap after GC invocations=39 (full 0):
 garbage-first heap   total 245760K, used 120808K [0x00000006e0000000, 0x0000000800000000)
  region size 4096K, 1 young (4096K), 1 survivors (4096K)
 Metaspace       used 97749K, committed 98368K, reserved 1138688K
  class space    used 13003K, committed 13312K, reserved 1048576K
}
Event: 11.999 GC heap before
{Heap before GC invocations=39 (full 0):
 garbage-first heap   total 245760K, used 129000K [0x00000006e0000000, 0x0000000800000000)
  region size 4096K, 3 young (12288K), 1 survivors (4096K)
 Metaspace       used 98430K, committed 99008K, reserved 1138688K
  class space    used 13077K, committed 13376K, reserved 1048576K
}
Event: 12.006 GC heap after
{Heap after GC invocations=40 (full 0):
 garbage-first heap   total 245760K, used 121069K [0x00000006e0000000, 0x0000000800000000)
  region size 4096K, 1 young (4096K), 1 survivors (4096K)
 Metaspace       used 98430K, committed 99008K, reserved 1138688K
  class space    used 13077K, committed 13376K, reserved 1048576K
}
Event: 12.412 GC heap before
{Heap before GC invocations=40 (full 0):
 garbage-first heap   total 245760K, used 182509K [0x00000006e0000000, 0x0000000800000000)
  region size 4096K, 17 young (69632K), 1 survivors (4096K)
 Metaspace       used 99651K, committed 100288K, reserved 1138688K
  class space    used 13175K, committed 13504K, reserved 1048576K
}

