# JRE version: OpenJDK Runtime Environment (17.0.6) (build 17.0.6+0-b2043.56-10027231)
# Java VM: OpenJDK 64-Bit Server VM (17.0.6+0-b2043.56-10027231, mixed mode, tiered, compressed oops, compressed class ptrs, g1 gc, windows-amd64)
GC Precious Log:
 CPUs: 8 total, 8 available
 Memory: 7992M
 Large Page Support: Disabled
 NUMA Support: Disabled
 Compressed Oops: Enabled (Zero based)
 Heap Region Size: 4M
 Heap Min Capacity: 8M
 Heap Initial Capacity: 128M
 Heap Max Capacity: 4608M
 Pre-touch: Disabled
 Parallel Workers: 8
 Concurrent Workers: 2
 Concurrent Refinement Workers: 8
 Periodic GC: Disabled
Heap:
 garbage-first heap   total 98304K, used 50373K [0x00000006e0000000, 0x0000000800000000)
  region size 4096K, 1 young (4096K), 1 survivors (4096K)
 Metaspace       used 33285K, committed 33664K, reserved 1081344K
  class space    used 4641K, committed 4800K, reserved 1048576K
GC Heap History (15 events):
Event: 0.520 GC heap before
{Heap before GC invocations=0 (full 0):
 garbage-first heap   total 131072K, used 28672K [0x00000006e0000000, 0x0000000800000000)
  region size 4096K, 5 young (20480K), 0 survivors (0K)
 Metaspace       used 9799K, committed 9920K, reserved 1064960K
  class space    used 985K, committed 1024K, reserved 1048576K
}
Event: 0.524 GC heap after
{Heap after GC invocations=1 (full 0):
 garbage-first heap   total 131072K, used 9706K [0x00000006e0000000, 0x0000000800000000)
  region size 4096K, 1 young (4096K), 1 survivors (4096K)
 Metaspace       used 9799K, committed 9920K, reserved 1064960K
  class space    used 985K, committed 1024K, reserved 1048576K
}
Event: 0.790 GC heap before
{Heap before GC invocations=1 (full 0):
 garbage-first heap   total 131072K, used 26090K [0x00000006e0000000, 0x0000000800000000)
  region size 4096K, 5 young (20480K), 1 survivors (4096K)
 Metaspace       used 11155K, committed 11328K, reserved 1064960K
  class space    used 1165K, committed 1280K, reserved 1048576K
}
Event: 0.793 GC heap after
{Heap after GC invocations=2 (full 0):
 garbage-first heap   total 131072K, used 10576K [0x00000006e0000000, 0x0000000800000000)
  region size 4096K, 1 young (4096K), 1 survivors (4096K)
 Metaspace       used 11155K, committed 11328K, reserved 1064960K
  class space    used 1165K, committed 1280K, reserved 1048576K
}
Event: 1.719 GC heap before
{Heap before GC invocations=2 (full 0):
 garbage-first heap   total 131072K, used 59728K [0x00000006e0000000, 0x0000000800000000)
  region size 4096K, 13 young (53248K), 1 survivors (4096K)
 Metaspace       used 19661K, committed 19904K, reserved 1073152K
  class space    used 2355K, committed 2496K, reserved 1048576K
}
Event: 1.725 GC heap after
{Heap after GC invocations=3 (full 0):
 garbage-first heap   total 131072K, used 17722K [0x00000006e0000000, 0x0000000800000000)
  region size 4096K, 2 young (8192K), 2 survivors (8192K)
 Metaspace       used 19661K, committed 19904K, reserved 1073152K
  class space    used 2355K, committed 2496K, reserved 1048576K
}
Event: 1.817 GC heap before
{Heap before GC invocations=3 (full 0):
 garbage-first heap   total 131072K, used 21818K [0x00000006e0000000, 0x0000000800000000)
  region size 4096K, 4 young (16384K), 2 survivors (8192K)
 Metaspace       used 21257K, committed 21504K, reserved 1073152K
  class space    used 2582K, committed 2688K, reserved 1048576K
}
Event: 1.821 GC heap after
{Heap after GC invocations=4 (full 0):
 garbage-first heap   total 131072K, used 18656K [0x00000006e0000000, 0x0000000800000000)
  region size 4096K, 1 young (4096K), 1 survivors (4096K)
 Metaspace       used 21257K, committed 21504K, reserved 1073152K
  class space    used 2582K, committed 2688K, reserved 1048576K
}
Event: 2.669 GC heap before
{Heap before GC invocations=5 (full 0):
 garbage-first heap   total 98304K, used 67808K [0x00000006e0000000, 0x0000000800000000)
  region size 4096K, 14 young (57344K), 1 survivors (4096K)
 Metaspace       used 28816K, committed 29184K, reserved 1081344K
  class space    used 3903K, committed 4096K, reserved 1048576K
}
Event: 2.674 GC heap after
{Heap after GC invocations=6 (full 0):
 garbage-first heap   total 98304K, used 27786K [0x00000006e0000000, 0x0000000800000000)
  region size 4096K, 2 young (8192K), 2 survivors (8192K)
 Metaspace       used 28816K, committed 29184K, reserved 1081344K
  class space    used 3903K, committed 4096K, reserved 1048576K
}
Event: 2.735 GC heap before
{Heap before GC invocations=6 (full 0):
 garbage-first heap   total 98304K, used 44170K [0x00000006e0000000, 0x0000000800000000)
  region size 4096K, 3 young (12288K), 2 survivors (8192K)
 Metaspace       used 28978K, committed 29312K, reserved 1081344K
  class space    used 3932K, committed 4096K, reserved 1048576K
}
Event: 2.739 GC heap after
{Heap after GC invocations=7 (full 0):
 garbage-first heap   total 98304K, used 47985K [0x00000006e0000000, 0x0000000800000000)
  region size 4096K, 1 young (4096K), 1 survivors (4096K)
 Metaspace       used 28978K, committed 29312K, reserved 1081344K
  class space    used 3932K, committed 4096K, reserved 1048576K
}
Event: 2.921 GC heap before
{Heap before GC invocations=7 (full 0):
 garbage-first heap   total 98304K, used 64369K [0x00000006e0000000, 0x0000000800000000)
  region size 4096K, 5 young (20480K), 1 survivors (4096K)
 Metaspace       used 31079K, committed 31424K, reserved 1081344K
  class space    used 4265K, committed 4416K, reserved 1048576K
}
Event: 2.923 GC heap after
{Heap after GC invocations=8 (full 0):
 garbage-first heap   total 98304K, used 49739K [0x00000006e0000000, 0x0000000800000000)
  region size 4096K, 1 young (4096K), 1 survivors (4096K)
 Metaspace       used 31079K, committed 31424K, reserved 1081344K
  class space    used 4265K, committed 4416K, reserved 1048576K
}
Event: 3.150 GC heap before
{Heap before GC invocations=9 (full 0):
 garbage-first heap   total 98304K, used 66123K [0x00000006e0000000, 0x0000000800000000)
  region size 4096K, 5 young (20480K), 1 survivors (4096K)
 Metaspace       used 33285K, committed 33664K, reserved 1081344K
  class space    used 4641K, committed 4800K, reserved 1048576K
}

