# JRE version: OpenJDK Runtime Environment (11.0.12+7) (build 11.0.12+7-b1504.28-7817840)
# Java VM: OpenJDK 64-Bit Server VM (11.0.12+7-b1504.28-7817840, mixed mode, tiered, compressed oops, g1 gc, windows-amd64)
Heap:
 garbage-first heap   total 225280K, used 130622K [0x0000000080000000, 0x0000000100000000)
  region size 1024K, 5 young (5120K), 5 survivors (5120K)
 Metaspace       used 108176K, capacity 110728K, committed 110976K, reserved 1144832K
  class space    used 13961K, capacity 14926K, committed 14976K, reserved 1048576K
GC Heap History (20 events):
Event: 11.650 GC heap after
{Heap after GC invocations=24 (full 0):
 garbage-first heap   total 187392K, used 111214K [0x0000000080000000, 0x0000000100000000)
  region size 1024K, 8 young (8192K), 8 survivors (8192K)
 Metaspace       used 85724K, capacity 87995K, committed 88192K, reserved 1126400K
  class space    used 11220K, capacity 12041K, committed 12160K, reserved 1048576K
}
Event: 11.735 GC heap before
{Heap before GC invocations=24 (full 0):
 garbage-first heap   total 187392K, used 118382K [0x0000000080000000, 0x0000000100000000)
  region size 1024K, 17 young (17408K), 8 survivors (8192K)
 Metaspace       used 86702K, capacity 89025K, committed 89344K, reserved 1126400K
  class space    used 11333K, capacity 12170K, committed 12288K, reserved 1048576K
}
Event: 11.739 GC heap after
{Heap after GC invocations=25 (full 0):
 garbage-first heap   total 187392K, used 112427K [0x0000000080000000, 0x0000000100000000)
  region size 1024K, 2 young (2048K), 2 survivors (2048K)
 Metaspace       used 86702K, capacity 89025K, committed 89344K, reserved 1126400K
  class space    used 11333K, capacity 12170K, committed 12288K, reserved 1048576K
}
Event: 12.142 GC heap before
{Heap before GC invocations=26 (full 0):
 garbage-first heap   total 187392K, used 154411K [0x0000000080000000, 0x0000000100000000)
  region size 1024K, 42 young (43008K), 2 survivors (2048K)
 Metaspace       used 91505K, capacity 93808K, committed 93952K, reserved 1130496K
  class space    used 11949K, capacity 12792K, committed 12800K, reserved 1048576K
}
Event: 12.145 GC heap after
{Heap after GC invocations=27 (full 0):
 garbage-first heap   total 187392K, used 112840K [0x0000000080000000, 0x0000000100000000)
  region size 1024K, 2 young (2048K), 2 survivors (2048K)
 Metaspace       used 91505K, capacity 93808K, committed 93952K, reserved 1130496K
  class space    used 11949K, capacity 12792K, committed 12800K, reserved 1048576K
}
Event: 12.632 GC heap before
{Heap before GC invocations=27 (full 0):
 garbage-first heap   total 187392K, used 155848K [0x0000000080000000, 0x0000000100000000)
  region size 1024K, 44 young (45056K), 2 survivors (2048K)
 Metaspace       used 95998K, capacity 98295K, committed 98432K, reserved 1134592K
  class space    used 12524K, capacity 13381K, committed 13440K, reserved 1048576K
}
Event: 12.637 GC heap after
{Heap after GC invocations=28 (full 0):
 garbage-first heap   total 187392K, used 115676K [0x0000000080000000, 0x0000000100000000)
  region size 1024K, 5 young (5120K), 5 survivors (5120K)
 Metaspace       used 95998K, capacity 98295K, committed 98432K, reserved 1134592K
  class space    used 12524K, capacity 13381K, committed 13440K, reserved 1048576K
}
Event: 13.405 GC heap before
{Heap before GC invocations=29 (full 0):
 garbage-first heap   total 187392K, used 155612K [0x0000000080000000, 0x0000000100000000)
  region size 1024K, 45 young (46080K), 5 survivors (5120K)
 Metaspace       used 99067K, capacity 101590K, committed 101888K, reserved 1136640K
  class space    used 12878K, capacity 13768K, committed 13824K, reserved 1048576K
}
Event: 13.416 GC heap after
{Heap after GC invocations=30 (full 0):
 garbage-first heap   total 187392K, used 119093K [0x0000000080000000, 0x0000000100000000)
  region size 1024K, 6 young (6144K), 6 survivors (6144K)
 Metaspace       used 99067K, capacity 101590K, committed 101888K, reserved 1136640K
  class space    used 12878K, capacity 13768K, committed 13824K, reserved 1048576K
}
Event: 13.705 GC heap before
{Heap before GC invocations=30 (full 0):
 garbage-first heap   total 187392K, used 156981K [0x0000000080000000, 0x0000000100000000)
  region size 1024K, 44 young (45056K), 6 survivors (6144K)
 Metaspace       used 99605K, capacity 101978K, committed 102144K, reserved 1138688K
  class space    used 12914K, capacity 13803K, committed 13824K, reserved 1048576K
}
Event: 13.716 GC heap after
{Heap after GC invocations=31 (full 0):
 garbage-first heap   total 187392K, used 121858K [0x0000000080000000, 0x0000000100000000)
  region size 1024K, 3 young (3072K), 3 survivors (3072K)
 Metaspace       used 99605K, capacity 101978K, committed 102144K, reserved 1138688K
  class space    used 12914K, capacity 13803K, committed 13824K, reserved 1048576K
}
Event: 14.089 GC heap before
{Heap before GC invocations=32 (full 0):
 garbage-first heap   total 187392K, used 158722K [0x0000000080000000, 0x0000000100000000)
  region size 1024K, 39 young (39936K), 3 survivors (3072K)
 Metaspace       used 100613K, capacity 103140K, committed 103296K, reserved 1138688K
  class space    used 13005K, capacity 13938K, committed 13952K, reserved 1048576K
}
Event: 14.094 GC heap after
{Heap after GC invocations=33 (full 0):
 garbage-first heap   total 187392K, used 124085K [0x0000000080000000, 0x0000000100000000)
  region size 1024K, 5 young (5120K), 5 survivors (5120K)
 Metaspace       used 100613K, capacity 103140K, committed 103296K, reserved 1138688K
  class space    used 13005K, capacity 13938K, committed 13952K, reserved 1048576K
}
Event: 14.348 GC heap before
{Heap before GC invocations=33 (full 0):
 garbage-first heap   total 187392K, used 157877K [0x0000000080000000, 0x0000000100000000)
  region size 1024K, 39 young (39936K), 5 survivors (5120K)
 Metaspace       used 102791K, capacity 105289K, committed 105472K, reserved 1140736K
  class space    used 13294K, capacity 14227K, committed 14336K, reserved 1048576K
}
Event: 14.353 GC heap after
{Heap after GC invocations=34 (full 0):
 garbage-first heap   total 187392K, used 124803K [0x0000000080000000, 0x0000000100000000)
  region size 1024K, 4 young (4096K), 4 survivors (4096K)
 Metaspace       used 102791K, capacity 105289K, committed 105472K, reserved 1140736K
  class space    used 13294K, capacity 14227K, committed 14336K, reserved 1048576K
}
Event: 14.724 GC heap before
{Heap before GC invocations=35 (full 0):
 garbage-first heap   total 187392K, used 158595K [0x0000000080000000, 0x0000000100000000)
  region size 1024K, 38 young (38912K), 4 survivors (4096K)
 Metaspace       used 105168K, capacity 107595K, committed 107776K, reserved 1142784K
  class space    used 13566K, capacity 14461K, committed 14592K, reserved 1048576K
}
Event: 14.729 GC heap after
{Heap after GC invocations=36 (full 0):
 garbage-first heap   total 187392K, used 126457K [0x0000000080000000, 0x0000000100000000)
  region size 1024K, 3 young (3072K), 3 survivors (3072K)
 Metaspace       used 105168K, capacity 107595K, committed 107776K, reserved 1142784K
  class space    used 13566K, capacity 14461K, committed 14592K, reserved 1048576K
}
Event: 15.074 GC heap before
{Heap before GC invocations=36 (full 0):
 garbage-first heap   total 187392K, used 159225K [0x0000000080000000, 0x0000000100000000)
  region size 1024K, 36 young (36864K), 3 survivors (3072K)
 Metaspace       used 106626K, capacity 109125K, committed 109184K, reserved 1144832K
  class space    used 13726K, capacity 14680K, committed 14720K, reserved 1048576K
}
Event: 15.082 GC heap after
{Heap after GC invocations=37 (full 0):
 garbage-first heap   total 187392K, used 128866K [0x0000000080000000, 0x0000000100000000)
  region size 1024K, 5 young (5120K), 5 survivors (5120K)
 Metaspace       used 106626K, capacity 109125K, committed 109184K, reserved 1144832K
  class space    used 13726K, capacity 14680K, committed 14720K, reserved 1048576K
}
Event: 15.362 GC heap before
{Heap before GC invocations=38 (full 0):
 garbage-first heap   total 187392K, used 161634K [0x0000000080000000, 0x0000000100000000)
  region size 1024K, 37 young (37888K), 5 survivors (5120K)
 Metaspace       used 108176K, capacity 110728K, committed 110976K, reserved 1144832K
  class space    used 13961K, capacity 14926K, committed 14976K, reserved 1048576K
}

