# JRE version: OpenJDK Runtime Environment (17.0.6) (build 17.0.6+0-b2043.56-10027231)
# Java VM: OpenJDK 64-Bit Server VM (17.0.6+0-b2043.56-10027231, mixed mode, tiered, compressed oops, compressed class ptrs, g1 gc, windows-amd64)
GC Precious Log:
 CPUs: 8 total, 8 available
 Memory: 7992M
 Large Page Support: Disabled
 NUMA Support: Disabled
 Compressed Oops: Enabled (32-bit)
 Heap Region Size: 1M
 Heap Min Capacity: 8M
 Heap Initial Capacity: 126M
 Heap Max Capacity: 1G
 Pre-touch: Disabled
 Parallel Workers: 8
 Concurrent Workers: 2
 Concurrent Refinement Workers: 8
 Periodic GC: Disabled
Heap:
 garbage-first heap   total 119808K, used 73154K [0x00000000c0000000, 0x0000000100000000)
  region size 1024K, 8 young (8192K), 3 survivors (3072K)
 Metaspace       used 50125K, committed 50624K, reserved 1097728K
  class space    used 6657K, committed 6848K, reserved 1048576K
GC Heap History (20 events):
Event: 3.903 GC heap before
{Heap before GC invocations=9 (full 0):
 garbage-first heap   total 81920K, used 63214K [0x00000000c0000000, 0x0000000100000000)
  region size 1024K, 17 young (17408K), 2 survivors (2048K)
 Metaspace       used 32177K, committed 32512K, reserved 1081344K
  class space    used 4442K, committed 4608K, reserved 1048576K
}
Event: 3.905 GC heap after
{Heap after GC invocations=10 (full 0):
 garbage-first heap   total 81920K, used 48699K [0x00000000c0000000, 0x0000000100000000)
  region size 1024K, 1 young (1024K), 1 survivors (1024K)
 Metaspace       used 32177K, committed 32512K, reserved 1081344K
  class space    used 4442K, committed 4608K, reserved 1048576K
}
Event: 4.131 GC heap before
{Heap before GC invocations=11 (full 0):
 garbage-first heap   total 86016K, used 64059K [0x00000000c0000000, 0x0000000100000000)
  region size 1024K, 16 young (16384K), 1 survivors (1024K)
 Metaspace       used 34327K, committed 34688K, reserved 1081344K
  class space    used 4802K, committed 4928K, reserved 1048576K
}
Event: 4.133 GC heap after
{Heap after GC invocations=12 (full 0):
 garbage-first heap   total 86016K, used 49330K [0x00000000c0000000, 0x0000000100000000)
  region size 1024K, 2 young (2048K), 2 survivors (2048K)
 Metaspace       used 34327K, committed 34688K, reserved 1081344K
  class space    used 4802K, committed 4928K, reserved 1048576K
}
Event: 4.690 GC heap before
{Heap before GC invocations=12 (full 0):
 garbage-first heap   total 86016K, used 67762K [0x00000000c0000000, 0x0000000100000000)
  region size 1024K, 20 young (20480K), 2 survivors (2048K)
 Metaspace       used 39882K, committed 40256K, reserved 1089536K
  class space    used 5402K, committed 5568K, reserved 1048576K
}
Event: 4.693 GC heap after
{Heap after GC invocations=13 (full 0):
 garbage-first heap   total 86016K, used 51713K [0x00000000c0000000, 0x0000000100000000)
  region size 1024K, 3 young (3072K), 3 survivors (3072K)
 Metaspace       used 39882K, committed 40256K, reserved 1089536K
  class space    used 5402K, committed 5568K, reserved 1048576K
}
Event: 4.854 GC heap before
{Heap before GC invocations=14 (full 0):
 garbage-first heap   total 91136K, used 67073K [0x00000000c0000000, 0x0000000100000000)
  region size 1024K, 19 young (19456K), 3 survivors (3072K)
 Metaspace       used 41141K, committed 41536K, reserved 1089536K
  class space    used 5512K, committed 5696K, reserved 1048576K
}
Event: 4.858 GC heap after
{Heap after GC invocations=15 (full 0):
 garbage-first heap   total 91136K, used 54229K [0x00000000c0000000, 0x0000000100000000)
  region size 1024K, 3 young (3072K), 3 survivors (3072K)
 Metaspace       used 41141K, committed 41536K, reserved 1089536K
  class space    used 5512K, committed 5696K, reserved 1048576K
}
Event: 5.061 GC heap before
{Heap before GC invocations=15 (full 0):
 garbage-first heap   total 91136K, used 65493K [0x00000000c0000000, 0x0000000100000000)
  region size 1024K, 16 young (16384K), 3 survivors (3072K)
 Metaspace       used 41635K, committed 41984K, reserved 1089536K
  class space    used 5558K, committed 5696K, reserved 1048576K
}
Event: 5.063 GC heap after
{Heap after GC invocations=16 (full 0):
 garbage-first heap   total 91136K, used 54992K [0x00000000c0000000, 0x0000000100000000)
  region size 1024K, 2 young (2048K), 2 survivors (2048K)
 Metaspace       used 41635K, committed 41984K, reserved 1089536K
  class space    used 5558K, committed 5696K, reserved 1048576K
}
Event: 5.614 GC heap before
{Heap before GC invocations=17 (full 0):
 garbage-first heap   total 101376K, used 76496K [0x00000000c0000000, 0x0000000100000000)
  region size 1024K, 20 young (20480K), 2 survivors (2048K)
 Metaspace       used 44515K, committed 44928K, reserved 1089536K
  class space    used 5898K, committed 6080K, reserved 1048576K
}
Event: 5.617 GC heap after
{Heap after GC invocations=18 (full 0):
 garbage-first heap   total 101376K, used 55875K [0x00000000c0000000, 0x0000000100000000)
  region size 1024K, 2 young (2048K), 2 survivors (2048K)
 Metaspace       used 44515K, committed 44928K, reserved 1089536K
  class space    used 5898K, committed 6080K, reserved 1048576K
}
Event: 5.901 GC heap before
{Heap before GC invocations=18 (full 0):
 garbage-first heap   total 101376K, used 65091K [0x00000000c0000000, 0x0000000100000000)
  region size 1024K, 12 young (12288K), 2 survivors (2048K)
 Metaspace       used 45556K, committed 46016K, reserved 1089536K
  class space    used 6061K, committed 6272K, reserved 1048576K
}
Event: 5.904 GC heap after
{Heap after GC invocations=19 (full 0):
 garbage-first heap   total 101376K, used 56952K [0x00000000c0000000, 0x0000000100000000)
  region size 1024K, 3 young (3072K), 3 survivors (3072K)
 Metaspace       used 45556K, committed 46016K, reserved 1089536K
  class space    used 6061K, committed 6272K, reserved 1048576K
}
Event: 6.263 GC heap before
{Heap before GC invocations=20 (full 0):
 garbage-first heap   total 111616K, used 87672K [0x00000000c0000000, 0x0000000100000000)
  region size 1024K, 27 young (27648K), 3 survivors (3072K)
 Metaspace       used 47969K, committed 48448K, reserved 1097728K
  class space    used 6274K, committed 6464K, reserved 1048576K
}
Event: 6.266 GC heap after
{Heap after GC invocations=21 (full 0):
 garbage-first heap   total 111616K, used 66403K [0x00000000c0000000, 0x0000000100000000)
  region size 1024K, 4 young (4096K), 4 survivors (4096K)
 Metaspace       used 47969K, committed 48448K, reserved 1097728K
  class space    used 6274K, committed 6464K, reserved 1048576K
}
Event: 6.272 GC heap before
{Heap before GC invocations=21 (full 0):
 garbage-first heap   total 111616K, used 67427K [0x00000000c0000000, 0x0000000100000000)
  region size 1024K, 5 young (5120K), 4 survivors (4096K)
 Metaspace       used 47974K, committed 48448K, reserved 1097728K
  class space    used 6274K, committed 6464K, reserved 1048576K
}
Event: 6.275 GC heap after
{Heap after GC invocations=22 (full 0):
 garbage-first heap   total 111616K, used 66971K [0x00000000c0000000, 0x0000000100000000)
  region size 1024K, 1 young (1024K), 1 survivors (1024K)
 Metaspace       used 47974K, committed 48448K, reserved 1097728K
  class space    used 6274K, committed 6464K, reserved 1048576K
}
Event: 6.544 GC heap before
{Heap before GC invocations=22 (full 0):
 garbage-first heap   total 111616K, used 91547K [0x00000000c0000000, 0x0000000100000000)
  region size 1024K, 25 young (25600K), 1 survivors (1024K)
 Metaspace       used 49661K, committed 50176K, reserved 1097728K
  class space    used 6573K, committed 6784K, reserved 1048576K
}
Event: 6.547 GC heap after
{Heap after GC invocations=23 (full 0):
 garbage-first heap   total 111616K, used 69058K [0x00000000c0000000, 0x0000000100000000)
  region size 1024K, 3 young (3072K), 3 survivors (3072K)
 Metaspace       used 49661K, committed 50176K, reserved 1097728K
  class space    used 6573K, committed 6784K, reserved 1048576K
}

