# JRE version: OpenJDK Runtime Environment (17.0.6) (build 17.0.6+0-b2043.56-10027231)
# Java VM: OpenJDK 64-Bit Server VM (17.0.6+0-b2043.56-10027231, mixed mode, tiered, compressed oops, compressed class ptrs, g1 gc, windows-amd64)
GC Precious Log:
 CPUs: 8 total, 8 available
 Memory: 7992M
 Large Page Support: Disabled
 NUMA Support: Disabled
 Compressed Oops: Enabled (Zero based)
 Heap Region Size: 4M
 Heap Min Capacity: 8M
 Heap Initial Capacity: 128M
 Heap Max Capacity: 4608M
 Pre-touch: Disabled
 Parallel Workers: 8
 Concurrent Workers: 2
 Concurrent Refinement Workers: 8
 Periodic GC: Disabled
Heap:
 garbage-first heap   total 122880K, used 64319K [0x00000006e0000000, 0x0000000800000000)
  region size 4096K, 4 young (16384K), 1 survivors (4096K)
 Metaspace       used 44350K, committed 44736K, reserved 1089536K
  class space    used 5867K, committed 6016K, reserved 1048576K
GC Heap History (20 events):
Event: 1.285 GC heap before
{Heap before GC invocations=1 (full 0):
 garbage-first heap   total 131072K, used 26059K [0x00000006e0000000, 0x0000000800000000)
  region size 4096K, 5 young (20480K), 1 survivors (4096K)
 Metaspace       used 11167K, committed 11328K, reserved 1064960K
  class space    used 1165K, committed 1280K, reserved 1048576K
}
Event: 1.290 GC heap after
{Heap after GC invocations=2 (full 0):
 garbage-first heap   total 131072K, used 10509K [0x00000006e0000000, 0x0000000800000000)
  region size 4096K, 1 young (4096K), 1 survivors (4096K)
 Metaspace       used 11167K, committed 11328K, reserved 1064960K
  class space    used 1165K, committed 1280K, reserved 1048576K
}
Event: 2.846 GC heap before
{Heap before GC invocations=2 (full 0):
 garbage-first heap   total 131072K, used 59661K [0x00000006e0000000, 0x0000000800000000)
  region size 4096K, 13 young (53248K), 1 survivors (4096K)
 Metaspace       used 19715K, committed 20032K, reserved 1073152K
  class space    used 2357K, committed 2496K, reserved 1048576K
}
Event: 2.853 GC heap after
{Heap after GC invocations=3 (full 0):
 garbage-first heap   total 131072K, used 17825K [0x00000006e0000000, 0x0000000800000000)
  region size 4096K, 2 young (8192K), 2 survivors (8192K)
 Metaspace       used 19715K, committed 20032K, reserved 1073152K
  class space    used 2357K, committed 2496K, reserved 1048576K
}
Event: 2.980 GC heap before
{Heap before GC invocations=3 (full 0):
 garbage-first heap   total 131072K, used 21921K [0x00000006e0000000, 0x0000000800000000)
  region size 4096K, 4 young (16384K), 2 survivors (8192K)
 Metaspace       used 21258K, committed 21504K, reserved 1073152K
  class space    used 2575K, committed 2688K, reserved 1048576K
}
Event: 2.986 GC heap after
{Heap after GC invocations=4 (full 0):
 garbage-first heap   total 131072K, used 18570K [0x00000006e0000000, 0x0000000800000000)
  region size 4096K, 1 young (4096K), 1 survivors (4096K)
 Metaspace       used 21258K, committed 21504K, reserved 1073152K
  class space    used 2575K, committed 2688K, reserved 1048576K
}
Event: 4.373 GC heap before
{Heap before GC invocations=5 (full 0):
 garbage-first heap   total 98304K, used 71818K [0x00000006e0000000, 0x0000000800000000)
  region size 4096K, 14 young (57344K), 1 survivors (4096K)
 Metaspace       used 28885K, committed 29184K, reserved 1081344K
  class space    used 3908K, committed 4032K, reserved 1048576K
}
Event: 4.381 GC heap after
{Heap after GC invocations=6 (full 0):
 garbage-first heap   total 98304K, used 28236K [0x00000006e0000000, 0x0000000800000000)
  region size 4096K, 2 young (8192K), 2 survivors (8192K)
 Metaspace       used 28885K, committed 29184K, reserved 1081344K
  class space    used 3908K, committed 4032K, reserved 1048576K
}
Event: 4.493 GC heap before
{Heap before GC invocations=6 (full 0):
 garbage-first heap   total 98304K, used 44620K [0x00000006e0000000, 0x0000000800000000)
  region size 4096K, 3 young (12288K), 2 survivors (8192K)
 Metaspace       used 29045K, committed 29376K, reserved 1081344K
  class space    used 3937K, committed 4096K, reserved 1048576K
}
Event: 4.498 GC heap after
{Heap after GC invocations=7 (full 0):
 garbage-first heap   total 98304K, used 47274K [0x00000006e0000000, 0x0000000800000000)
  region size 4096K, 1 young (4096K), 1 survivors (4096K)
 Metaspace       used 29045K, committed 29376K, reserved 1081344K
  class space    used 3937K, committed 4096K, reserved 1048576K
}
Event: 4.917 GC heap before
{Heap before GC invocations=7 (full 0):
 garbage-first heap   total 98304K, used 67754K [0x00000006e0000000, 0x0000000800000000)
  region size 4096K, 6 young (24576K), 1 survivors (4096K)
 Metaspace       used 31817K, committed 32128K, reserved 1081344K
  class space    used 4375K, committed 4544K, reserved 1048576K
}
Event: 4.919 GC heap after
{Heap after GC invocations=8 (full 0):
 garbage-first heap   total 98304K, used 49563K [0x00000006e0000000, 0x0000000800000000)
  region size 4096K, 1 young (4096K), 1 survivors (4096K)
 Metaspace       used 31817K, committed 32128K, reserved 1081344K
  class space    used 4375K, committed 4544K, reserved 1048576K
}
Event: 5.254 GC heap before
{Heap before GC invocations=9 (full 0):
 garbage-first heap   total 98304K, used 65947K [0x00000006e0000000, 0x0000000800000000)
  region size 4096K, 5 young (20480K), 1 survivors (4096K)
 Metaspace       used 34077K, committed 34432K, reserved 1081344K
  class space    used 4757K, committed 4928K, reserved 1048576K
}
Event: 5.256 GC heap after
{Heap after GC invocations=10 (full 0):
 garbage-first heap   total 98304K, used 50198K [0x00000006e0000000, 0x0000000800000000)
  region size 4096K, 1 young (4096K), 1 survivors (4096K)
 Metaspace       used 34077K, committed 34432K, reserved 1081344K
  class space    used 4757K, committed 4928K, reserved 1048576K
}
Event: 6.165 GC heap before
{Heap before GC invocations=10 (full 0):
 garbage-first heap   total 98304K, used 70678K [0x00000006e0000000, 0x0000000800000000)
  region size 4096K, 6 young (24576K), 1 survivors (4096K)
 Metaspace       used 40096K, committed 40448K, reserved 1089536K
  class space    used 5429K, committed 5568K, reserved 1048576K
}
Event: 6.169 GC heap after
{Heap after GC invocations=11 (full 0):
 garbage-first heap   total 98304K, used 52641K [0x00000006e0000000, 0x0000000800000000)
  region size 4096K, 1 young (4096K), 1 survivors (4096K)
 Metaspace       used 40096K, committed 40448K, reserved 1089536K
  class space    used 5429K, committed 5568K, reserved 1048576K
}
Event: 6.392 GC heap before
{Heap before GC invocations=12 (full 0):
 garbage-first heap   total 102400K, used 69025K [0x00000006e0000000, 0x0000000800000000)
  region size 4096K, 5 young (20480K), 1 survivors (4096K)
 Metaspace       used 41165K, committed 41536K, reserved 1089536K
  class space    used 5513K, committed 5696K, reserved 1048576K
}
Event: 6.397 GC heap after
{Heap after GC invocations=13 (full 0):
 garbage-first heap   total 102400K, used 55174K [0x00000006e0000000, 0x0000000800000000)
  region size 4096K, 1 young (4096K), 1 survivors (4096K)
 Metaspace       used 41165K, committed 41536K, reserved 1089536K
  class space    used 5513K, committed 5696K, reserved 1048576K
}
Event: 7.253 GC heap before
{Heap before GC invocations=13 (full 0):
 garbage-first heap   total 102400K, used 71558K [0x00000006e0000000, 0x0000000800000000)
  region size 4096K, 6 young (24576K), 1 survivors (4096K)
 Metaspace       used 43340K, committed 43776K, reserved 1089536K
  class space    used 5688K, committed 5888K, reserved 1048576K
}
Event: 7.256 GC heap after
{Heap after GC invocations=14 (full 0):
 garbage-first heap   total 122880K, used 56127K [0x00000006e0000000, 0x0000000800000000)
  region size 4096K, 1 young (4096K), 1 survivors (4096K)
 Metaspace       used 43340K, committed 43776K, reserved 1089536K
  class space    used 5688K, committed 5888K, reserved 1048576K
}

