# JRE version: OpenJDK Runtime Environment (17.0.6) (build 17.0.6+0-b2043.56-10027231)
# Java VM: OpenJDK 64-Bit Server VM (17.0.6+0-b2043.56-10027231, mixed mode, tiered, compressed oops, compressed class ptrs, g1 gc, windows-amd64)
GC Precious Log:
 CPUs: 8 total, 8 available
 Memory: 7992M
 Large Page Support: Disabled
 NUMA Support: Disabled
 Compressed Oops: Enabled (Zero based)
 Heap Region Size: 4M
 Heap Min Capacity: 8M
 Heap Initial Capacity: 128M
 Heap Max Capacity: 4608M
 Pre-touch: Disabled
 Parallel Workers: 8
 Concurrent Workers: 2
 Concurrent Refinement Workers: 8
 Periodic GC: Disabled
Heap:
 garbage-first heap   total 122880K, used 71671K [0x00000006e0000000, 0x0000000800000000)
  region size 4096K, 2 young (8192K), 1 survivors (4096K)
 Metaspace       used 50690K, committed 51136K, reserved 1097728K
  class space    used 6737K, committed 6912K, reserved 1048576K
GC Heap History (20 events):
Event: 2.118 GC heap before
{Heap before GC invocations=3 (full 0):
 garbage-first heap   total 131072K, used 21884K [0x00000006e0000000, 0x0000000800000000)
  region size 4096K, 4 young (16384K), 2 survivors (8192K)
 Metaspace       used 21275K, committed 21504K, reserved 1073152K
  class space    used 2582K, committed 2688K, reserved 1048576K
}
Event: 2.123 GC heap after
{Heap after GC invocations=4 (full 0):
 garbage-first heap   total 131072K, used 18558K [0x00000006e0000000, 0x0000000800000000)
  region size 4096K, 1 young (4096K), 1 survivors (4096K)
 Metaspace       used 21275K, committed 21504K, reserved 1073152K
  class space    used 2582K, committed 2688K, reserved 1048576K
}
Event: 3.019 GC heap before
{Heap before GC invocations=5 (full 0):
 garbage-first heap   total 98304K, used 71806K [0x00000006e0000000, 0x0000000800000000)
  region size 4096K, 14 young (57344K), 1 survivors (4096K)
 Metaspace       used 28865K, committed 29120K, reserved 1081344K
  class space    used 3905K, committed 4032K, reserved 1048576K
}
Event: 3.026 GC heap after
{Heap after GC invocations=6 (full 0):
 garbage-first heap   total 98304K, used 28079K [0x00000006e0000000, 0x0000000800000000)
  region size 4096K, 2 young (8192K), 2 survivors (8192K)
 Metaspace       used 28865K, committed 29120K, reserved 1081344K
  class space    used 3905K, committed 4032K, reserved 1048576K
}
Event: 3.104 GC heap before
{Heap before GC invocations=6 (full 0):
 garbage-first heap   total 98304K, used 44463K [0x00000006e0000000, 0x0000000800000000)
  region size 4096K, 3 young (12288K), 2 survivors (8192K)
 Metaspace       used 29034K, committed 29376K, reserved 1081344K
  class space    used 3934K, committed 4096K, reserved 1048576K
}
Event: 3.110 GC heap after
{Heap after GC invocations=7 (full 0):
 garbage-first heap   total 98304K, used 47176K [0x00000006e0000000, 0x0000000800000000)
  region size 4096K, 1 young (4096K), 1 survivors (4096K)
 Metaspace       used 29034K, committed 29376K, reserved 1081344K
  class space    used 3934K, committed 4096K, reserved 1048576K
}
Event: 3.402 GC heap before
{Heap before GC invocations=7 (full 0):
 garbage-first heap   total 98304K, used 67656K [0x00000006e0000000, 0x0000000800000000)
  region size 4096K, 6 young (24576K), 1 survivors (4096K)
 Metaspace       used 31693K, committed 32064K, reserved 1081344K
  class space    used 4362K, committed 4544K, reserved 1048576K
}
Event: 3.405 GC heap after
{Heap after GC invocations=8 (full 0):
 garbage-first heap   total 98304K, used 49607K [0x00000006e0000000, 0x0000000800000000)
  region size 4096K, 1 young (4096K), 1 survivors (4096K)
 Metaspace       used 31693K, committed 32064K, reserved 1081344K
  class space    used 4362K, committed 4544K, reserved 1048576K
}
Event: 3.647 GC heap before
{Heap before GC invocations=9 (full 0):
 garbage-first heap   total 98304K, used 65991K [0x00000006e0000000, 0x0000000800000000)
  region size 4096K, 5 young (20480K), 1 survivors (4096K)
 Metaspace       used 33929K, committed 34304K, reserved 1081344K
  class space    used 4745K, committed 4928K, reserved 1048576K
}
Event: 3.649 GC heap after
{Heap after GC invocations=10 (full 0):
 garbage-first heap   total 98304K, used 50209K [0x00000006e0000000, 0x0000000800000000)
  region size 4096K, 1 young (4096K), 1 survivors (4096K)
 Metaspace       used 33929K, committed 34304K, reserved 1081344K
  class space    used 4745K, committed 4928K, reserved 1048576K
}
Event: 4.102 GC heap before
{Heap before GC invocations=10 (full 0):
 garbage-first heap   total 98304K, used 70689K [0x00000006e0000000, 0x0000000800000000)
  region size 4096K, 6 young (24576K), 1 survivors (4096K)
 Metaspace       used 39899K, committed 40320K, reserved 1089536K
  class space    used 5405K, committed 5568K, reserved 1048576K
}
Event: 4.106 GC heap after
{Heap after GC invocations=11 (full 0):
 garbage-first heap   total 118784K, used 52842K [0x00000006e0000000, 0x0000000800000000)
  region size 4096K, 1 young (4096K), 1 survivors (4096K)
 Metaspace       used 39899K, committed 40320K, reserved 1089536K
  class space    used 5405K, committed 5568K, reserved 1048576K
}
Event: 4.503 GC heap before
{Heap before GC invocations=12 (full 0):
 garbage-first heap   total 118784K, used 81514K [0x00000006e0000000, 0x0000000800000000)
  region size 4096K, 9 young (36864K), 1 survivors (4096K)
 Metaspace       used 42554K, committed 42944K, reserved 1089536K
  class space    used 5585K, committed 5760K, reserved 1048576K
}
Event: 4.508 GC heap after
{Heap after GC invocations=13 (full 0):
 garbage-first heap   total 118784K, used 55915K [0x00000006e0000000, 0x0000000800000000)
  region size 4096K, 2 young (8192K), 2 survivors (8192K)
 Metaspace       used 42554K, committed 42944K, reserved 1089536K
  class space    used 5585K, committed 5760K, reserved 1048576K
}
Event: 4.613 GC heap before
{Heap before GC invocations=13 (full 0):
 garbage-first heap   total 118784K, used 60011K [0x00000006e0000000, 0x0000000800000000)
  region size 4096K, 3 young (12288K), 2 survivors (8192K)
 Metaspace       used 43222K, committed 43584K, reserved 1089536K
  class space    used 5668K, committed 5824K, reserved 1048576K
}
Event: 4.619 GC heap after
{Heap after GC invocations=14 (full 0):
 garbage-first heap   total 118784K, used 55830K [0x00000006e0000000, 0x0000000800000000)
  region size 4096K, 1 young (4096K), 1 survivors (4096K)
 Metaspace       used 43222K, committed 43584K, reserved 1089536K
  class space    used 5668K, committed 5824K, reserved 1048576K
}
Event: 5.004 GC heap before
{Heap before GC invocations=14 (full 0):
 garbage-first heap   total 118784K, used 76310K [0x00000006e0000000, 0x0000000800000000)
  region size 4096K, 7 young (28672K), 1 survivors (4096K)
 Metaspace       used 45857K, committed 46272K, reserved 1089536K
  class space    used 6087K, committed 6272K, reserved 1048576K
}
Event: 5.007 GC heap after
{Heap after GC invocations=15 (full 0):
 garbage-first heap   total 118784K, used 57153K [0x00000006e0000000, 0x0000000800000000)
  region size 4096K, 1 young (4096K), 1 survivors (4096K)
 Metaspace       used 45857K, committed 46272K, reserved 1089536K
  class space    used 6087K, committed 6272K, reserved 1048576K
}
Event: 5.495 GC heap before
{Heap before GC invocations=16 (full 0):
 garbage-first heap   total 122880K, used 98113K [0x00000006e0000000, 0x0000000800000000)
  region size 4096K, 9 young (36864K), 1 survivors (4096K)
 Metaspace       used 48318K, committed 48768K, reserved 1097728K
  class space    used 6308K, committed 6464K, reserved 1048576K
}
Event: 5.501 GC heap after
{Heap after GC invocations=17 (full 0):
 garbage-first heap   total 122880K, used 69322K [0x00000006e0000000, 0x0000000800000000)
  region size 4096K, 2 young (8192K), 2 survivors (8192K)
 Metaspace       used 48318K, committed 48768K, reserved 1097728K
  class space    used 6308K, committed 6464K, reserved 1048576K
}

