# JRE version: OpenJDK Runtime Environment (17.0.6) (build 17.0.6+0-b2043.56-10027231)
# Java VM: OpenJDK 64-Bit Server VM (17.0.6+0-b2043.56-10027231, mixed mode, tiered, compressed oops, compressed class ptrs, g1 gc, windows-amd64)
GC Precious Log:
 CPUs: 8 total, 8 available
 Memory: 7992M
 Large Page Support: Disabled
 NUMA Support: Disabled
 Compressed Oops: Enabled (Zero based)
 Heap Region Size: 4M
 Heap Min Capacity: 8M
 Heap Initial Capacity: 128M
 Heap Max Capacity: 4608M
 Pre-touch: Disabled
 Parallel Workers: 8
 Concurrent Workers: 2
 Concurrent Refinement Workers: 8
 Periodic GC: Disabled
Heap:
 garbage-first heap   total 184320K, used 105704K [0x00000006e0000000, 0x0000000800000000)
  region size 4096K, 2 young (8192K), 2 survivors (8192K)
 Metaspace       used 101590K, committed 102208K, reserved 1138688K
  class space    used 13706K, committed 14016K, reserved 1048576K
GC Heap History (20 events):
Event: 9.049 GC heap after
{Heap after GC invocations=25 (full 0):
 garbage-first heap   total 131072K, used 68764K [0x00000006e0000000, 0x0000000800000000)
  region size 4096K, 1 young (4096K), 1 survivors (4096K)
 Metaspace       used 77356K, committed 77824K, reserved 1122304K
  class space    used 10105K, committed 10304K, reserved 1048576K
}
Event: 9.449 GC heap before
{Heap before GC invocations=25 (full 0):
 garbage-first heap   total 131072K, used 97436K [0x00000006e0000000, 0x0000000800000000)
  region size 4096K, 8 young (32768K), 1 survivors (4096K)
 Metaspace       used 81086K, committed 81600K, reserved 1122304K
  class space    used 10806K, committed 11072K, reserved 1048576K
}
Event: 9.453 GC heap after
{Heap after GC invocations=26 (full 0):
 garbage-first heap   total 159744K, used 70678K [0x00000006e0000000, 0x0000000800000000)
  region size 4096K, 1 young (4096K), 1 survivors (4096K)
 Metaspace       used 81086K, committed 81600K, reserved 1122304K
  class space    used 10806K, committed 11072K, reserved 1048576K
}
Event: 10.244 GC heap before
{Heap before GC invocations=27 (full 0):
 garbage-first heap   total 159744K, used 123926K [0x00000006e0000000, 0x0000000800000000)
  region size 4096K, 14 young (57344K), 1 survivors (4096K)
 Metaspace       used 85801K, committed 86336K, reserved 1130496K
  class space    used 11488K, committed 11712K, reserved 1048576K
}
Event: 10.251 GC heap after
{Heap after GC invocations=28 (full 0):
 garbage-first heap   total 159744K, used 74571K [0x00000006e0000000, 0x0000000800000000)
  region size 4096K, 2 young (8192K), 2 survivors (8192K)
 Metaspace       used 85801K, committed 86336K, reserved 1130496K
  class space    used 11488K, committed 11712K, reserved 1048576K
}
Event: 11.195 GC heap before
{Heap before GC invocations=28 (full 0):
 garbage-first heap   total 159744K, used 127819K [0x00000006e0000000, 0x0000000800000000)
  region size 4096K, 15 young (61440K), 2 survivors (8192K)
 Metaspace       used 90640K, committed 91200K, reserved 1130496K
  class space    used 12167K, committed 12416K, reserved 1048576K
}
Event: 11.204 GC heap after
{Heap after GC invocations=29 (full 0):
 garbage-first heap   total 159744K, used 79976K [0x00000006e0000000, 0x0000000800000000)
  region size 4096K, 2 young (8192K), 2 survivors (8192K)
 Metaspace       used 90640K, committed 91200K, reserved 1130496K
  class space    used 12167K, committed 12416K, reserved 1048576K
}
Event: 11.641 GC heap before
{Heap before GC invocations=29 (full 0):
 garbage-first heap   total 159744K, used 120936K [0x00000006e0000000, 0x0000000800000000)
  region size 4096K, 13 young (53248K), 2 survivors (8192K)
 Metaspace       used 92445K, committed 93056K, reserved 1130496K
  class space    used 12343K, committed 12672K, reserved 1048576K
}
Event: 11.654 GC heap after
{Heap after GC invocations=30 (full 0):
 garbage-first heap   total 159744K, used 88469K [0x00000006e0000000, 0x0000000800000000)
  region size 4096K, 2 young (8192K), 2 survivors (8192K)
 Metaspace       used 92445K, committed 93056K, reserved 1130496K
  class space    used 12343K, committed 12672K, reserved 1048576K
}
Event: 12.289 GC heap before
{Heap before GC invocations=31 (full 0):
 garbage-first heap   total 159744K, used 125333K [0x00000006e0000000, 0x0000000800000000)
  region size 4096K, 11 young (45056K), 2 survivors (8192K)
 Metaspace       used 94807K, committed 95488K, reserved 1138688K
  class space    used 12842K, committed 13184K, reserved 1048576K
}
Event: 12.300 GC heap after
{Heap after GC invocations=32 (full 0):
 garbage-first heap   total 159744K, used 93119K [0x00000006e0000000, 0x0000000800000000)
  region size 4096K, 2 young (8192K), 2 survivors (8192K)
 Metaspace       used 94807K, committed 95488K, reserved 1138688K
  class space    used 12842K, committed 13184K, reserved 1048576K
}
Event: 12.556 GC heap before
{Heap before GC invocations=32 (full 0):
 garbage-first heap   total 159744K, used 121791K [0x00000006e0000000, 0x0000000800000000)
  region size 4096K, 10 young (40960K), 2 survivors (8192K)
 Metaspace       used 95059K, committed 95680K, reserved 1138688K
  class space    used 12854K, committed 13184K, reserved 1048576K
}
Event: 12.562 GC heap after
{Heap after GC invocations=33 (full 0):
 garbage-first heap   total 159744K, used 94020K [0x00000006e0000000, 0x0000000800000000)
  region size 4096K, 2 young (8192K), 2 survivors (8192K)
 Metaspace       used 95059K, committed 95680K, reserved 1138688K
  class space    used 12854K, committed 13184K, reserved 1048576K
}
Event: 12.987 GC heap before
{Heap before GC invocations=34 (full 0):
 garbage-first heap   total 184320K, used 118596K [0x00000006e0000000, 0x0000000800000000)
  region size 4096K, 9 young (36864K), 2 survivors (8192K)
 Metaspace       used 95569K, committed 96128K, reserved 1138688K
  class space    used 12897K, committed 13184K, reserved 1048576K
}
Event: 12.994 GC heap after
{Heap after GC invocations=35 (full 0):
 garbage-first heap   total 184320K, used 96811K [0x00000006e0000000, 0x0000000800000000)
  region size 4096K, 2 young (8192K), 2 survivors (8192K)
 Metaspace       used 95569K, committed 96128K, reserved 1138688K
  class space    used 12897K, committed 13184K, reserved 1048576K
}
Event: 13.757 GC heap before
{Heap before GC invocations=35 (full 0):
 garbage-first heap   total 184320K, used 141867K [0x00000006e0000000, 0x0000000800000000)
  region size 4096K, 13 young (53248K), 2 survivors (8192K)
 Metaspace       used 98100K, committed 98752K, reserved 1138688K
  class space    used 13239K, committed 13568K, reserved 1048576K
}
Event: 13.762 GC heap after
{Heap after GC invocations=36 (full 0):
 garbage-first heap   total 184320K, used 98897K [0x00000006e0000000, 0x0000000800000000)
  region size 4096K, 2 young (8192K), 2 survivors (8192K)
 Metaspace       used 98100K, committed 98752K, reserved 1138688K
  class space    used 13239K, committed 13568K, reserved 1048576K
}
Event: 14.253 GC heap before
{Heap before GC invocations=37 (full 0):
 garbage-first heap   total 184320K, used 143953K [0x00000006e0000000, 0x0000000800000000)
  region size 4096K, 14 young (57344K), 2 survivors (8192K)
 Metaspace       used 101393K, committed 102080K, reserved 1138688K
  class space    used 13692K, committed 14016K, reserved 1048576K
}
Event: 14.260 GC heap after
{Heap after GC invocations=38 (full 0):
 garbage-first heap   total 184320K, used 102724K [0x00000006e0000000, 0x0000000800000000)
  region size 4096K, 2 young (8192K), 2 survivors (8192K)
 Metaspace       used 101393K, committed 102080K, reserved 1138688K
  class space    used 13692K, committed 14016K, reserved 1048576K
}
Event: 14.537 GC heap before
{Heap before GC invocations=38 (full 0):
 garbage-first heap   total 184320K, used 143684K [0x00000006e0000000, 0x0000000800000000)
  region size 4096K, 13 young (53248K), 2 survivors (8192K)
 Metaspace       used 101590K, committed 102208K, reserved 1138688K
  class space    used 13706K, committed 14016K, reserved 1048576K
}

