# JRE version: OpenJDK Runtime Environment (17.0.6) (build 17.0.6+0-b2043.56-10027231)
# Java VM: OpenJDK 64-Bit Server VM (17.0.6+0-b2043.56-10027231, mixed mode, tiered, compressed oops, compressed class ptrs, g1 gc, windows-amd64)
GC Precious Log:
 CPUs: 8 total, 8 available
 Memory: 7992M
 Large Page Support: Disabled
 NUMA Support: Disabled
 Compressed Oops: Enabled (32-bit)
 Heap Region Size: 1M
 Heap Min Capacity: 8M
 Heap Initial Capacity: 126M
 Heap Max Capacity: 2000M
 Pre-touch: Disabled
 Parallel Workers: 8
 Concurrent Workers: 2
 Concurrent Refinement Workers: 8
 Periodic GC: Disabled
Heap:
 garbage-first heap   total 118784K, used 78065K [0x0000000083000000, 0x0000000100000000)
  region size 1024K, 32 young (32768K), 4 survivors (4096K)
 Metaspace       used 74504K, committed 74688K, reserved 1122304K
  class space    used 8762K, committed 8832K, reserved 1048576K
GC Heap History (20 events):
Event: 2.233 GC heap before
{Heap before GC invocations=9 (full 0):
 garbage-first heap   total 68608K, used 46618K [0x0000000083000000, 0x0000000100000000)
  region size 1024K, 30 young (30720K), 3 survivors (3072K)
 Metaspace       used 41351K, committed 41600K, reserved 1089536K
  class space    used 5083K, committed 5184K, reserved 1048576K
}
Event: 2.240 GC heap after
{Heap after GC invocations=10 (full 0):
 garbage-first heap   total 68608K, used 21157K [0x0000000083000000, 0x0000000100000000)
  region size 1024K, 4 young (4096K), 4 survivors (4096K)
 Metaspace       used 41351K, committed 41600K, reserved 1089536K
  class space    used 5083K, committed 5184K, reserved 1048576K
}
Event: 2.643 GC heap before
{Heap before GC invocations=10 (full 0):
 garbage-first heap   total 68608K, used 47781K [0x0000000083000000, 0x0000000100000000)
  region size 1024K, 29 young (29696K), 4 survivors (4096K)
 Metaspace       used 46525K, committed 46720K, reserved 1097728K
  class space    used 5721K, committed 5824K, reserved 1048576K
}
Event: 2.650 GC heap after
{Heap after GC invocations=11 (full 0):
 garbage-first heap   total 68608K, used 26763K [0x0000000083000000, 0x0000000100000000)
  region size 1024K, 4 young (4096K), 4 survivors (4096K)
 Metaspace       used 46525K, committed 46720K, reserved 1097728K
  class space    used 5721K, committed 5824K, reserved 1048576K
}
Event: 2.743 GC heap before
{Heap before GC invocations=11 (full 0):
 garbage-first heap   total 68608K, used 50315K [0x0000000083000000, 0x0000000100000000)
  region size 1024K, 26 young (26624K), 4 survivors (4096K)
 Metaspace       used 46749K, committed 46976K, reserved 1097728K
  class space    used 5727K, committed 5824K, reserved 1048576K
}
Event: 2.750 GC heap after
{Heap after GC invocations=12 (full 0):
 garbage-first heap   total 82944K, used 28608K [0x0000000083000000, 0x0000000100000000)
  region size 1024K, 2 young (2048K), 2 survivors (2048K)
 Metaspace       used 46749K, committed 46976K, reserved 1097728K
  class space    used 5727K, committed 5824K, reserved 1048576K
}
Event: 3.246 GC heap before
{Heap before GC invocations=12 (full 0):
 garbage-first heap   total 82944K, used 58304K [0x0000000083000000, 0x0000000100000000)
  region size 1024K, 31 young (31744K), 2 survivors (2048K)
 Metaspace       used 51628K, committed 51840K, reserved 1097728K
  class space    used 6252K, committed 6336K, reserved 1048576K
}
Event: 3.258 GC heap after
{Heap after GC invocations=13 (full 0):
 garbage-first heap   total 82944K, used 32449K [0x0000000083000000, 0x0000000100000000)
  region size 1024K, 4 young (4096K), 4 survivors (4096K)
 Metaspace       used 51628K, committed 51840K, reserved 1097728K
  class space    used 6252K, committed 6336K, reserved 1048576K
}
Event: 3.619 GC heap before
{Heap before GC invocations=13 (full 0):
 garbage-first heap   total 82944K, used 60097K [0x0000000083000000, 0x0000000100000000)
  region size 1024K, 31 young (31744K), 4 survivors (4096K)
 Metaspace       used 52389K, committed 52608K, reserved 1097728K
  class space    used 6273K, committed 6400K, reserved 1048576K
}
Event: 3.633 GC heap after
{Heap after GC invocations=14 (full 0):
 garbage-first heap   total 82944K, used 37460K [0x0000000083000000, 0x0000000100000000)
  region size 1024K, 4 young (4096K), 4 survivors (4096K)
 Metaspace       used 52389K, committed 52608K, reserved 1097728K
  class space    used 6273K, committed 6400K, reserved 1048576K
}
Event: 3.882 GC heap before
{Heap before GC invocations=14 (full 0):
 garbage-first heap   total 82944K, used 61012K [0x0000000083000000, 0x0000000100000000)
  region size 1024K, 28 young (28672K), 4 survivors (4096K)
 Metaspace       used 55036K, committed 55232K, reserved 1097728K
  class space    used 6566K, committed 6656K, reserved 1048576K
}
Event: 3.894 GC heap after
{Heap after GC invocations=15 (full 0):
 garbage-first heap   total 82944K, used 40063K [0x0000000083000000, 0x0000000100000000)
  region size 1024K, 2 young (2048K), 2 survivors (2048K)
 Metaspace       used 55036K, committed 55232K, reserved 1097728K
  class space    used 6566K, committed 6656K, reserved 1048576K
}
Event: 4.259 GC heap before
{Heap before GC invocations=15 (full 0):
 garbage-first heap   total 82944K, used 63615K [0x0000000083000000, 0x0000000100000000)
  region size 1024K, 25 young (25600K), 2 survivors (2048K)
 Metaspace       used 58818K, committed 59008K, reserved 1105920K
  class space    used 7158K, committed 7232K, reserved 1048576K
}
Event: 4.268 GC heap after
{Heap after GC invocations=16 (full 0):
 garbage-first heap   total 118784K, used 41968K [0x0000000083000000, 0x0000000100000000)
  region size 1024K, 4 young (4096K), 4 survivors (4096K)
 Metaspace       used 58818K, committed 59008K, reserved 1105920K
  class space    used 7158K, committed 7232K, reserved 1048576K
}
Event: 5.089 GC heap before
{Heap before GC invocations=17 (full 0):
 garbage-first heap   total 118784K, used 89072K [0x0000000083000000, 0x0000000100000000)
  region size 1024K, 49 young (50176K), 4 survivors (4096K)
 Metaspace       used 64415K, committed 64640K, reserved 1105920K
  class space    used 7713K, committed 7808K, reserved 1048576K
}
Event: 5.109 GC heap after
{Heap after GC invocations=18 (full 0):
 garbage-first heap   total 118784K, used 47644K [0x0000000083000000, 0x0000000100000000)
  region size 1024K, 7 young (7168K), 7 survivors (7168K)
 Metaspace       used 64415K, committed 64640K, reserved 1105920K
  class space    used 7713K, committed 7808K, reserved 1048576K
}
Event: 5.142 GC heap before
{Heap before GC invocations=18 (full 0):
 garbage-first heap   total 118784K, used 48668K [0x0000000083000000, 0x0000000100000000)
  region size 1024K, 8 young (8192K), 7 survivors (7168K)
 Metaspace       used 64716K, committed 64896K, reserved 1105920K
  class space    used 7735K, committed 7808K, reserved 1048576K
}
Event: 5.159 GC heap after
{Heap after GC invocations=19 (full 0):
 garbage-first heap   total 118784K, used 48055K [0x0000000083000000, 0x0000000100000000)
  region size 1024K, 1 young (1024K), 1 survivors (1024K)
 Metaspace       used 64716K, committed 64896K, reserved 1105920K
  class space    used 7735K, committed 7808K, reserved 1048576K
}
Event: 6.000 GC heap before
{Heap before GC invocations=19 (full 0):
 garbage-first heap   total 118784K, used 86967K [0x0000000083000000, 0x0000000100000000)
  region size 1024K, 39 young (39936K), 1 survivors (1024K)
 Metaspace       used 71571K, committed 71808K, reserved 1114112K
  class space    used 8452K, committed 8576K, reserved 1048576K
}
Event: 6.010 GC heap after
{Heap after GC invocations=20 (full 0):
 garbage-first heap   total 118784K, used 50417K [0x0000000083000000, 0x0000000100000000)
  region size 1024K, 4 young (4096K), 4 survivors (4096K)
 Metaspace       used 71571K, committed 71808K, reserved 1114112K
  class space    used 8452K, committed 8576K, reserved 1048576K
}

