# JRE version: OpenJDK Runtime Environment (17.0.6) (build 17.0.6+0-b2043.56-10027231)
# Java VM: OpenJDK 64-Bit Server VM (17.0.6+0-b2043.56-10027231, mixed mode, tiered, compressed oops, compressed class ptrs, g1 gc, windows-amd64)
GC Precious Log:
 CPUs: 8 total, 8 available
 Memory: 7992M
 Large Page Support: Disabled
 NUMA Support: Disabled
 Compressed Oops: Enabled (Zero based)
 Heap Region Size: 4M
 Heap Min Capacity: 8M
 Heap Initial Capacity: 128M
 Heap Max Capacity: 4608M
 Pre-touch: Disabled
 Parallel Workers: 8
 Concurrent Workers: 2
 Concurrent Refinement Workers: 8
 Periodic GC: Disabled
Heap:
 garbage-first heap   total 757760K, used 368684K [0x00000006e0000000, 0x0000000800000000)
  region size 4096K, 4 young (16384K), 4 survivors (16384K)
 Metaspace       used 169547K, committed 170752K, reserved 1204224K
  class space    used 22053K, committed 22656K, reserved 1048576K
GC Heap History (20 events):
Event: 449.763 GC heap after
{Heap after GC invocations=99 (full 0):
 garbage-first heap   total 589824K, used 286767K [0x00000006e0000000, 0x0000000800000000)
  region size 4096K, 5 young (20480K), 5 survivors (20480K)
 Metaspace       used 163340K, committed 164544K, reserved 1196032K
  class space    used 21309K, committed 21952K, reserved 1048576K
}
Event: 450.444 GC heap before
{Heap before GC invocations=99 (full 0):
 garbage-first heap   total 589824K, used 466991K [0x00000006e0000000, 0x0000000800000000)
  region size 4096K, 50 young (204800K), 5 survivors (20480K)
 Metaspace       used 167004K, committed 168256K, reserved 1196032K
  class space    used 21937K, committed 22592K, reserved 1048576K
}
Event: 450.471 GC heap after
{Heap after GC invocations=100 (full 0):
 garbage-first heap   total 589824K, used 304096K [0x00000006e0000000, 0x0000000800000000)
  region size 4096K, 5 young (20480K), 5 survivors (20480K)
 Metaspace       used 167004K, committed 168256K, reserved 1196032K
  class space    used 21937K, committed 22592K, reserved 1048576K
}
Event: 450.850 GC heap before
{Heap before GC invocations=100 (full 0):
 garbage-first heap   total 589824K, used 476128K [0x00000006e0000000, 0x0000000800000000)
  region size 4096K, 47 young (192512K), 5 survivors (20480K)
 Metaspace       used 167689K, committed 168960K, reserved 1196032K
  class space    used 21970K, committed 22592K, reserved 1048576K
}
Event: 450.867 GC heap after
{Heap after GC invocations=101 (full 0):
 garbage-first heap   total 589824K, used 309556K [0x00000006e0000000, 0x0000000800000000)
  region size 4096K, 2 young (8192K), 2 survivors (8192K)
 Metaspace       used 167689K, committed 168960K, reserved 1196032K
  class space    used 21970K, committed 22592K, reserved 1048576K
}
Event: 451.277 GC heap before
{Heap before GC invocations=101 (full 0):
 garbage-first heap   total 589824K, used 481588K [0x00000006e0000000, 0x0000000800000000)
  region size 4096K, 45 young (184320K), 2 survivors (8192K)
 Metaspace       used 168143K, committed 169408K, reserved 1196032K
  class space    used 22003K, committed 22592K, reserved 1048576K
}
Event: 451.284 GC heap after
{Heap after GC invocations=102 (full 0):
 garbage-first heap   total 589824K, used 309567K [0x00000006e0000000, 0x0000000800000000)
  region size 4096K, 2 young (8192K), 2 survivors (8192K)
 Metaspace       used 168143K, committed 169408K, reserved 1196032K
  class space    used 22003K, committed 22592K, reserved 1048576K
}
Event: 451.641 GC heap before
{Heap before GC invocations=102 (full 0):
 garbage-first heap   total 589824K, used 489791K [0x00000006e0000000, 0x0000000800000000)
  region size 4096K, 46 young (188416K), 2 survivors (8192K)
 Metaspace       used 168331K, committed 169600K, reserved 1204224K
  class space    used 22012K, committed 22656K, reserved 1048576K
}
Event: 451.648 GC heap after
{Heap after GC invocations=103 (full 0):
 garbage-first heap   total 589824K, used 310839K [0x00000006e0000000, 0x0000000800000000)
  region size 4096K, 2 young (8192K), 2 survivors (8192K)
 Metaspace       used 168331K, committed 169600K, reserved 1204224K
  class space    used 22012K, committed 22656K, reserved 1048576K
}
Event: 452.020 GC heap before
{Heap before GC invocations=103 (full 0):
 garbage-first heap   total 589824K, used 499255K [0x00000006e0000000, 0x0000000800000000)
  region size 4096K, 48 young (196608K), 2 survivors (8192K)
 Metaspace       used 168676K, committed 169920K, reserved 1204224K
  class space    used 22025K, committed 22656K, reserved 1048576K
}
Event: 452.028 GC heap after
{Heap after GC invocations=104 (full 0):
 garbage-first heap   total 589824K, used 313313K [0x00000006e0000000, 0x0000000800000000)
  region size 4096K, 3 young (12288K), 3 survivors (12288K)
 Metaspace       used 168676K, committed 169920K, reserved 1204224K
  class space    used 22025K, committed 22656K, reserved 1048576K
}
Event: 452.262 GC heap before
{Heap before GC invocations=104 (full 0):
 garbage-first heap   total 589824K, used 497633K [0x00000006e0000000, 0x0000000800000000)
  region size 4096K, 48 young (196608K), 3 survivors (12288K)
 Metaspace       used 168923K, committed 170176K, reserved 1204224K
  class space    used 22025K, committed 22656K, reserved 1048576K
}
Event: 452.289 GC heap after
{Heap after GC invocations=105 (full 0):
 garbage-first heap   total 757760K, used 341107K [0x00000006e0000000, 0x0000000800000000)
  region size 4096K, 6 young (24576K), 6 survivors (24576K)
 Metaspace       used 168923K, committed 170176K, reserved 1204224K
  class space    used 22025K, committed 22656K, reserved 1048576K
}
Event: 452.919 GC heap before
{Heap before GC invocations=105 (full 0):
 garbage-first heap   total 757760K, used 619635K [0x00000006e0000000, 0x0000000800000000)
  region size 4096K, 74 young (303104K), 6 survivors (24576K)
 Metaspace       used 169297K, committed 170560K, reserved 1204224K
  class space    used 22039K, committed 22656K, reserved 1048576K
}
Event: 452.949 GC heap after
{Heap after GC invocations=106 (full 0):
 garbage-first heap   total 757760K, used 356314K [0x00000006e0000000, 0x0000000800000000)
  region size 4096K, 9 young (36864K), 9 survivors (36864K)
 Metaspace       used 169297K, committed 170560K, reserved 1204224K
  class space    used 22039K, committed 22656K, reserved 1048576K
}
Event: 453.376 GC heap before
{Heap before GC invocations=106 (full 0):
 garbage-first heap   total 757760K, used 622554K [0x00000006e0000000, 0x0000000800000000)
  region size 4096K, 74 young (303104K), 9 survivors (36864K)
 Metaspace       used 169435K, committed 170688K, reserved 1204224K
  class space    used 22042K, committed 22656K, reserved 1048576K
}
Event: 453.405 GC heap after
{Heap after GC invocations=107 (full 0):
 garbage-first heap   total 757760K, used 365703K [0x00000006e0000000, 0x0000000800000000)
  region size 4096K, 7 young (28672K), 7 survivors (28672K)
 Metaspace       used 169435K, committed 170688K, reserved 1204224K
  class space    used 22042K, committed 22656K, reserved 1048576K
}
Event: 453.907 GC heap before
{Heap before GC invocations=107 (full 0):
 garbage-first heap   total 757760K, used 623751K [0x00000006e0000000, 0x0000000800000000)
  region size 4096K, 71 young (290816K), 7 survivors (28672K)
 Metaspace       used 169530K, committed 170752K, reserved 1204224K
  class space    used 22051K, committed 22656K, reserved 1048576K
}
Event: 453.925 GC heap after
{Heap after GC invocations=108 (full 0):
 garbage-first heap   total 757760K, used 369453K [0x00000006e0000000, 0x0000000800000000)
  region size 4096K, 4 young (16384K), 4 survivors (16384K)
 Metaspace       used 169530K, committed 170752K, reserved 1204224K
  class space    used 22051K, committed 22656K, reserved 1048576K
}
Event: 454.250 GC heap before
{Heap before GC invocations=108 (full 0):
 garbage-first heap   total 757760K, used 635693K [0x00000006e0000000, 0x0000000800000000)
  region size 4096K, 69 young (282624K), 4 survivors (16384K)
 Metaspace       used 169547K, committed 170752K, reserved 1204224K
  class space    used 22053K, committed 22656K, reserved 1048576K
}

