# JRE version: OpenJDK Runtime Environment (17.0.6) (build 17.0.6+0-b2043.56-10027231)
# Java VM: OpenJDK 64-Bit Server VM (17.0.6+0-b2043.56-10027231, mixed mode, tiered, compressed oops, compressed class ptrs, g1 gc, windows-amd64)
GC Precious Log:
 CPUs: 8 total, 8 available
 Memory: 7992M
 Large Page Support: Disabled
 NUMA Support: Disabled
 Compressed Oops: Enabled (Zero based)
 Heap Region Size: 4M
 Heap Min Capacity: 8M
 Heap Initial Capacity: 128M
 Heap Max Capacity: 4608M
 Pre-touch: Disabled
 Parallel Workers: 8
 Concurrent Workers: 2
 Concurrent Refinement Workers: 8
 Periodic GC: Disabled
Heap:
 garbage-first heap   total 327680K, used 118331K [0x00000006e0000000, 0x0000000800000000)
  region size 4096K, 4 young (16384K), 2 survivors (8192K)
 Metaspace       used 103826K, committed 104448K, reserved 1146880K
  class space    used 13957K, committed 14272K, reserved 1048576K
GC Heap History (20 events):
Event: 8.296 GC heap before
{Heap before GC invocations=19 (full 0):
 garbage-first heap   total 176128K, used 105756K [0x00000006e0000000, 0x0000000800000000)
  region size 4096K, 12 young (49152K), 2 survivors (8192K)
 Metaspace       used 73427K, committed 73920K, reserved 1114112K
  class space    used 9496K, committed 9728K, reserved 1048576K
}
Event: 8.302 GC heap after
{Heap after GC invocations=20 (full 0):
 garbage-first heap   total 176128K, used 70480K [0x00000006e0000000, 0x0000000800000000)
  region size 4096K, 2 young (8192K), 2 survivors (8192K)
 Metaspace       used 73427K, committed 73920K, reserved 1114112K
  class space    used 9496K, committed 9728K, reserved 1048576K
}
Event: 8.837 GC heap before
{Heap before GC invocations=21 (full 0):
 garbage-first heap   total 176128K, used 123728K [0x00000006e0000000, 0x0000000800000000)
  region size 4096K, 15 young (61440K), 2 survivors (8192K)
 Metaspace       used 76186K, committed 76672K, reserved 1122304K
  class space    used 9875K, committed 10112K, reserved 1048576K
}
Event: 8.843 GC heap after
{Heap after GC invocations=22 (full 0):
 garbage-first heap   total 176128K, used 73129K [0x00000006e0000000, 0x0000000800000000)
  region size 4096K, 2 young (8192K), 2 survivors (8192K)
 Metaspace       used 76186K, committed 76672K, reserved 1122304K
  class space    used 9875K, committed 10112K, reserved 1048576K
}
Event: 8.883 GC heap before
{Heap before GC invocations=22 (full 0):
 garbage-first heap   total 176128K, used 77225K [0x00000006e0000000, 0x0000000800000000)
  region size 4096K, 3 young (12288K), 2 survivors (8192K)
 Metaspace       used 76397K, committed 76864K, reserved 1122304K
  class space    used 9885K, committed 10112K, reserved 1048576K
}
Event: 8.891 GC heap after
{Heap after GC invocations=23 (full 0):
 garbage-first heap   total 176128K, used 72968K [0x00000006e0000000, 0x0000000800000000)
  region size 4096K, 1 young (4096K), 1 survivors (4096K)
 Metaspace       used 76397K, committed 76864K, reserved 1122304K
  class space    used 9885K, committed 10112K, reserved 1048576K
}
Event: 9.647 GC heap before
{Heap before GC invocations=23 (full 0):
 garbage-first heap   total 176128K, used 130312K [0x00000006e0000000, 0x0000000800000000)
  region size 4096K, 15 young (61440K), 1 survivors (4096K)
 Metaspace       used 83096K, committed 83648K, reserved 1122304K
  class space    used 11003K, committed 11264K, reserved 1048576K
}
Event: 9.652 GC heap after
{Heap after GC invocations=24 (full 0):
 garbage-first heap   total 176128K, used 76051K [0x00000006e0000000, 0x0000000800000000)
  region size 4096K, 2 young (8192K), 2 survivors (8192K)
 Metaspace       used 83096K, committed 83648K, reserved 1122304K
  class space    used 11003K, committed 11264K, reserved 1048576K
}
Event: 10.351 GC heap before
{Heap before GC invocations=25 (full 0):
 garbage-first heap   total 176128K, used 133395K [0x00000006e0000000, 0x0000000800000000)
  region size 4096K, 16 young (65536K), 2 survivors (8192K)
 Metaspace       used 88677K, committed 89216K, reserved 1130496K
  class space    used 11862K, committed 12096K, reserved 1048576K
}
Event: 10.359 GC heap after
{Heap after GC invocations=26 (full 0):
 garbage-first heap   total 176128K, used 80348K [0x00000006e0000000, 0x0000000800000000)
  region size 4096K, 2 young (8192K), 2 survivors (8192K)
 Metaspace       used 88677K, committed 89216K, reserved 1130496K
  class space    used 11862K, committed 12096K, reserved 1048576K
}
Event: 10.899 GC heap before
{Heap before GC invocations=26 (full 0):
 garbage-first heap   total 176128K, used 137692K [0x00000006e0000000, 0x0000000800000000)
  region size 4096K, 16 young (65536K), 2 survivors (8192K)
 Metaspace       used 92411K, committed 92992K, reserved 1130496K
  class space    used 12330K, committed 12608K, reserved 1048576K
}
Event: 10.909 GC heap after
{Heap after GC invocations=27 (full 0):
 garbage-first heap   total 270336K, used 87220K [0x00000006e0000000, 0x0000000800000000)
  region size 4096K, 2 young (8192K), 2 survivors (8192K)
 Metaspace       used 92411K, committed 92992K, reserved 1130496K
  class space    used 12330K, committed 12608K, reserved 1048576K
}
Event: 11.860 GC heap before
{Heap before GC invocations=27 (full 0):
 garbage-first heap   total 270336K, used 206004K [0x00000006e0000000, 0x0000000800000000)
  region size 4096K, 32 young (131072K), 2 survivors (8192K)
 Metaspace       used 96840K, committed 97472K, reserved 1138688K
  class space    used 13022K, committed 13312K, reserved 1048576K
}
Event: 11.876 GC heap after
{Heap after GC invocations=28 (full 0):
 garbage-first heap   total 270336K, used 101671K [0x00000006e0000000, 0x0000000800000000)
  region size 4096K, 4 young (16384K), 4 survivors (16384K)
 Metaspace       used 96840K, committed 97472K, reserved 1138688K
  class space    used 13022K, committed 13312K, reserved 1048576K
}
Event: 12.887 GC heap before
{Heap before GC invocations=28 (full 0):
 garbage-first heap   total 270336K, used 195879K [0x00000006e0000000, 0x0000000800000000)
  region size 4096K, 28 young (114688K), 4 survivors (16384K)
 Metaspace       used 102192K, committed 102784K, reserved 1138688K
  class space    used 13729K, committed 14016K, reserved 1048576K
}
Event: 12.899 GC heap after
{Heap after GC invocations=29 (full 0):
 garbage-first heap   total 270336K, used 107897K [0x00000006e0000000, 0x0000000800000000)
  region size 4096K, 2 young (8192K), 2 survivors (8192K)
 Metaspace       used 102192K, committed 102784K, reserved 1138688K
  class space    used 13729K, committed 14016K, reserved 1048576K
}
Event: 13.708 GC heap before
{Heap before GC invocations=29 (full 0):
 garbage-first heap   total 270336K, used 202105K [0x00000006e0000000, 0x0000000800000000)
  region size 4096K, 26 young (106496K), 2 survivors (8192K)
 Metaspace       used 103759K, committed 104384K, reserved 1146880K
  class space    used 13950K, committed 14272K, reserved 1048576K
}
Event: 13.717 GC heap after
{Heap after GC invocations=30 (full 0):
 garbage-first heap   total 270336K, used 111715K [0x00000006e0000000, 0x0000000800000000)
  region size 4096K, 3 young (12288K), 3 survivors (12288K)
 Metaspace       used 103759K, committed 104384K, reserved 1146880K
  class space    used 13950K, committed 14272K, reserved 1048576K
}
Event: 14.022 GC heap before
{Heap before GC invocations=30 (full 0):
 garbage-first heap   total 270336K, used 205923K [0x00000006e0000000, 0x0000000800000000)
  region size 4096K, 27 young (110592K), 3 survivors (12288K)
 Metaspace       used 103826K, committed 104448K, reserved 1146880K
  class space    used 13957K, committed 14272K, reserved 1048576K
}
Event: 14.029 GC heap after
{Heap after GC invocations=31 (full 0):
 garbage-first heap   total 327680K, used 114235K [0x00000006e0000000, 0x0000000800000000)
  region size 4096K, 2 young (8192K), 2 survivors (8192K)
 Metaspace       used 103826K, committed 104448K, reserved 1146880K
  class space    used 13957K, committed 14272K, reserved 1048576K
}

